[2019-09-29T10:28:34.351] [INFO] default - ::1 - - "GET /route/routeList?identity=manager HTTP/1.1" 304 - "http://localhost:8080/article/articleList" "Mozilla/5.0 (Windows NT 10.0; WOW64) AppleWebKit/537.36 (KHTML, like Gecko) Chrome/77.0.3865.90 Safari/537.36"
[2019-09-29T10:28:34.629] [INFO] default - ::1 - - "GET /article/articleList?pagesize=10&currentPage=1 HTTP/1.1" 304 - "http://localhost:8080/article/articleList" "Mozilla/5.0 (Windows NT 10.0; WOW64) AppleWebKit/537.36 (KHTML, like Gecko) Chrome/77.0.3865.90 Safari/537.36"
[2019-09-29T10:28:36.122] [INFO] default - ::1 - - "GET /route/routeList?identity=manager HTTP/1.1" 304 - "http://localhost:8080/article/articleList" "Mozilla/5.0 (Windows NT 10.0; WOW64) AppleWebKit/537.36 (KHTML, like Gecko) Chrome/77.0.3865.90 Safari/537.36"
[2019-09-29T10:29:11.666] [INFO] default - ::1 - - "POST /article/articleAdd HTTP/1.1" 500 270 "http://localhost:8080/article/addArticle" "Mozilla/5.0 (Windows NT 10.0; WOW64) AppleWebKit/537.36 (KHTML, like Gecko) Chrome/77.0.3865.90 Safari/537.36"
[2019-09-29T10:31:10.972] [INFO] default - ::1 - - "POST /article/articleAdd HTTP/1.1" 200 10 "http://localhost:8080/article/addArticle" "Mozilla/5.0 (Windows NT 10.0; WOW64) AppleWebKit/537.36 (KHTML, like Gecko) Chrome/77.0.3865.90 Safari/537.36"
[2019-09-29T10:41:56.495] [INFO] default - ::1 - - "POST /article/articleAdd HTTP/1.1" 200 10 "http://localhost:8080/article/addArticle" "Mozilla/5.0 (Windows NT 10.0; WOW64) AppleWebKit/537.36 (KHTML, like Gecko) Chrome/77.0.3865.90 Safari/537.36"
[2019-09-29T10:43:23.148] [INFO] default - ::1 - - "POST /article/articleAdd HTTP/1.1" 200 10 "http://localhost:8080/article/addArticle" "Mozilla/5.0 (Windows NT 10.0; WOW64) AppleWebKit/537.36 (KHTML, like Gecko) Chrome/77.0.3865.90 Safari/537.36"
[2019-09-29T10:43:42.538] [INFO] default - ::1 - - "GET /route/routeList?identity=manager HTTP/1.1" 304 - "http://localhost:8080/article/addArticle" "Mozilla/5.0 (Windows NT 10.0; WOW64) AppleWebKit/537.36 (KHTML, like Gecko) Chrome/77.0.3865.90 Safari/537.36"
[2019-09-29T10:43:43.044] [INFO] default - ::1 - - "GET /article/articleList?pagesize=10&currentPage=1 HTTP/1.1" 200 318 "http://localhost:8080/article/articleList" "Mozilla/5.0 (Windows NT 10.0; WOW64) AppleWebKit/537.36 (KHTML, like Gecko) Chrome/77.0.3865.90 Safari/537.36"
[2019-09-29T10:43:45.642] [INFO] default - ::1 - - "GET /route/routeList?identity=manager HTTP/1.1" 304 - "http://localhost:8080/article/articleList" "Mozilla/5.0 (Windows NT 10.0; WOW64) AppleWebKit/537.36 (KHTML, like Gecko) Chrome/77.0.3865.90 Safari/537.36"
[2019-09-29T10:43:45.897] [INFO] default - ::1 - - "GET /article/articleList?pagesize=10&currentPage=1 HTTP/1.1" 304 - "http://localhost:8080/article/articleList" "Mozilla/5.0 (Windows NT 10.0; WOW64) AppleWebKit/537.36 (KHTML, like Gecko) Chrome/77.0.3865.90 Safari/537.36"
[2019-09-29T10:45:24.200] [INFO] default - ::1 - - "GET /article/articleList?pagesize=10&currentPage=1&startTime=1568044800000 HTTP/1.1" 200 318 "http://localhost:8080/article/articleList" "Mozilla/5.0 (Windows NT 10.0; WOW64) AppleWebKit/537.36 (KHTML, like Gecko) Chrome/77.0.3865.90 Safari/537.36"
[2019-09-29T10:45:35.863] [INFO] default - ::1 - - "GET /article/articleList?pagesize=10&currentPage=1&startTime=1568044800000&endTime=1569340800000 HTTP/1.1" 200 21 "http://localhost:8080/article/articleList" "Mozilla/5.0 (Windows NT 10.0; WOW64) AppleWebKit/537.36 (KHTML, like Gecko) Chrome/77.0.3865.90 Safari/537.36"
[2019-09-29T10:45:39.293] [INFO] default - ::1 - - "GET /article/articleList?pagesize=10&currentPage=1&startTime=1568044800000&endTime=1569772800000 HTTP/1.1" 200 318 "http://localhost:8080/article/articleList" "Mozilla/5.0 (Windows NT 10.0; WOW64) AppleWebKit/537.36 (KHTML, like Gecko) Chrome/77.0.3865.90 Safari/537.36"
[2019-09-29T10:49:06.569] [INFO] default - ::1 - - "GET /article/articleList?pagesize=10&currentPage=1 HTTP/1.1" 401 - "http://localhost:8080/article/articleList" "Mozilla/5.0 (Windows NT 10.0; WOW64) AppleWebKit/537.36 (KHTML, like Gecko) Chrome/77.0.3865.90 Safari/537.36"
[2019-09-29T10:49:12.358] [INFO] default - ::1 - - "POST /admin/login HTTP/1.1" 200 231 "http://localhost:8080/signIn" "Mozilla/5.0 (Windows NT 10.0; WOW64) AppleWebKit/537.36 (KHTML, like Gecko) Chrome/77.0.3865.90 Safari/537.36"
[2019-09-29T10:49:13.437] [INFO] default - ::1 - - "GET /route/routeList?identity=manager HTTP/1.1" 304 - "http://localhost:8080/signIn" "Mozilla/5.0 (Windows NT 10.0; WOW64) AppleWebKit/537.36 (KHTML, like Gecko) Chrome/77.0.3865.90 Safari/537.36"
[2019-09-29T10:49:16.953] [INFO] default - ::1 - - "GET /route/routeList?identity=manager HTTP/1.1" 304 - "http://localhost:8080/home" "Mozilla/5.0 (Windows NT 10.0; WOW64) AppleWebKit/537.36 (KHTML, like Gecko) Chrome/77.0.3865.90 Safari/537.36"
[2019-09-29T10:49:17.481] [INFO] default - ::1 - - "GET /article/articleList?pagesize=10&currentPage=1 HTTP/1.1" 304 - "http://localhost:8080/article/articleList" "Mozilla/5.0 (Windows NT 10.0; WOW64) AppleWebKit/537.36 (KHTML, like Gecko) Chrome/77.0.3865.90 Safari/537.36"
[2019-09-29T10:49:29.245] [INFO] default - ::1 - - "GET /route/routeList?identity=manager HTTP/1.1" 304 - "http://localhost:8080/article/articleList" "Mozilla/5.0 (Windows NT 10.0; WOW64) AppleWebKit/537.36 (KHTML, like Gecko) Chrome/77.0.3865.90 Safari/537.36"
[2019-09-29T10:49:29.777] [INFO] default - ::1 - - "GET /article/articleList?pagesize=10&currentPage=1 HTTP/1.1" 304 - "http://localhost:8080/article/articleList" "Mozilla/5.0 (Windows NT 10.0; WOW64) AppleWebKit/537.36 (KHTML, like Gecko) Chrome/77.0.3865.90 Safari/537.36"
[2019-09-29T10:52:11.313] [INFO] default - ::1 - - "GET /route/routeList?identity=manager HTTP/1.1" 304 - "http://localhost:8080/article/articleList" "Mozilla/5.0 (Windows NT 10.0; WOW64) AppleWebKit/537.36 (KHTML, like Gecko) Chrome/77.0.3865.90 Safari/537.36"
[2019-09-29T10:52:11.562] [INFO] default - ::1 - - "GET /article/articleList?pagesize=10&currentPage=1 HTTP/1.1" 304 - "http://localhost:8080/article/articleList" "Mozilla/5.0 (Windows NT 10.0; WOW64) AppleWebKit/537.36 (KHTML, like Gecko) Chrome/77.0.3865.90 Safari/537.36"
[2019-09-29T10:59:05.285] [INFO] default - ::1 - - "GET /route/routeList?identity=manager HTTP/1.1" 304 - "http://localhost:8080/article/articleList" "Mozilla/5.0 (Windows NT 10.0; WOW64) AppleWebKit/537.36 (KHTML, like Gecko) Chrome/77.0.3865.90 Safari/537.36"
[2019-09-29T10:59:05.541] [INFO] default - ::1 - - "GET /article/articleList?pagesize=10&currentPage=1 HTTP/1.1" 304 - "http://localhost:8080/article/articleList" "Mozilla/5.0 (Windows NT 10.0; WOW64) AppleWebKit/537.36 (KHTML, like Gecko) Chrome/77.0.3865.90 Safari/537.36"
[2019-09-29T10:59:06.918] [INFO] default - ::1 - - "GET /route/routeList?identity=manager HTTP/1.1" 304 - "http://localhost:8080/article/articleList" "Mozilla/5.0 (Windows NT 10.0; WOW64) AppleWebKit/537.36 (KHTML, like Gecko) Chrome/77.0.3865.90 Safari/537.36"
[2019-09-29T10:59:09.182] [INFO] default - ::1 - - "GET /route/routeList?identity=manager HTTP/1.1" 304 - "http://localhost:8080/organize" "Mozilla/5.0 (Windows NT 10.0; WOW64) AppleWebKit/537.36 (KHTML, like Gecko) Chrome/77.0.3865.90 Safari/537.36"
[2019-09-29T10:59:09.633] [INFO] default - ::1 - - "GET /bug/bugList HTTP/1.1" 200 205 "http://localhost:8080/plan/bug" "Mozilla/5.0 (Windows NT 10.0; WOW64) AppleWebKit/537.36 (KHTML, like Gecko) Chrome/77.0.3865.90 Safari/537.36"
[2019-09-29T10:59:10.885] [INFO] default - ::1 - - "GET /route/routeList?identity=manager HTTP/1.1" 304 - "http://localhost:8080/plan/bug" "Mozilla/5.0 (Windows NT 10.0; WOW64) AppleWebKit/537.36 (KHTML, like Gecko) Chrome/77.0.3865.90 Safari/537.36"
[2019-09-29T10:59:11.318] [INFO] default - ::1 - - "GET /feature/featureList HTTP/1.1" 200 1277 "http://localhost:8080/plan/feature" "Mozilla/5.0 (Windows NT 10.0; WOW64) AppleWebKit/537.36 (KHTML, like Gecko) Chrome/77.0.3865.90 Safari/537.36"
[2019-09-29T10:59:50.351] [INFO] default - ::1 - - "GET /route/routeList?identity=manager HTTP/1.1" 304 - "http://localhost:8080/plan/feature" "Mozilla/5.0 (Windows NT 10.0; WOW64) AppleWebKit/537.36 (KHTML, like Gecko) Chrome/77.0.3865.90 Safari/537.36"
[2019-09-29T10:59:50.577] [INFO] default - ::1 - - "GET /feature/featureList HTTP/1.1" 200 11 "http://localhost:8080/plan/feature" "Mozilla/5.0 (Windows NT 10.0; WOW64) AppleWebKit/537.36 (KHTML, like Gecko) Chrome/77.0.3865.90 Safari/537.36"
[2019-09-29T11:01:47.836] [INFO] default - ::1 - - "GET /route/routeList?identity=manager HTTP/1.1" 304 - "http://localhost:8080/plan/feature" "Mozilla/5.0 (Windows NT 10.0; WOW64) AppleWebKit/537.36 (KHTML, like Gecko) Chrome/77.0.3865.90 Safari/537.36"
[2019-09-29T11:01:48.047] [INFO] default - ::1 - - "GET /feature/featureList HTTP/1.1" 304 - "http://localhost:8080/plan/feature" "Mozilla/5.0 (Windows NT 10.0; WOW64) AppleWebKit/537.36 (KHTML, like Gecko) Chrome/77.0.3865.90 Safari/537.36"
[2019-09-29T11:03:33.457] [INFO] default - ::1 - - "GET /route/routeList?identity=manager HTTP/1.1" 304 - "http://localhost:8080/plan/feature" "Mozilla/5.0 (Windows NT 10.0; WOW64) AppleWebKit/537.36 (KHTML, like Gecko) Chrome/77.0.3865.90 Safari/537.36"
[2019-09-29T11:03:33.685] [INFO] default - ::1 - - "GET /feature/featureList HTTP/1.1" 304 - "http://localhost:8080/plan/feature" "Mozilla/5.0 (Windows NT 10.0; WOW64) AppleWebKit/537.36 (KHTML, like Gecko) Chrome/77.0.3865.90 Safari/537.36"
[2019-09-29T11:05:22.607] [INFO] default - ::1 - - "GET /route/routeList?identity=manager HTTP/1.1" 304 - "http://localhost:8080/plan/feature" "Mozilla/5.0 (Windows NT 10.0; WOW64) AppleWebKit/537.36 (KHTML, like Gecko) Chrome/77.0.3865.90 Safari/537.36"
[2019-09-29T11:05:22.854] [INFO] default - ::1 - - "GET /feature/featureList HTTP/1.1" 304 - "http://localhost:8080/plan/feature" "Mozilla/5.0 (Windows NT 10.0; WOW64) AppleWebKit/537.36 (KHTML, like Gecko) Chrome/77.0.3865.90 Safari/537.36"
[2019-09-29T11:06:46.200] [INFO] default - ::1 - - "GET /route/routeList?identity=manager HTTP/1.1" 304 - "http://localhost:8080/plan/feature" "Mozilla/5.0 (Windows NT 10.0; WOW64) AppleWebKit/537.36 (KHTML, like Gecko) Chrome/77.0.3865.90 Safari/537.36"
[2019-09-29T11:06:46.451] [INFO] default - ::1 - - "GET /feature/featureList HTTP/1.1" 304 - "http://localhost:8080/plan/feature" "Mozilla/5.0 (Windows NT 10.0; WOW64) AppleWebKit/537.36 (KHTML, like Gecko) Chrome/77.0.3865.90 Safari/537.36"
[2019-09-29T11:07:10.438] [INFO] default - ::1 - - "GET /route/routeList?identity=manager HTTP/1.1" 304 - "http://localhost:8080/plan/feature" "Mozilla/5.0 (Windows NT 10.0; WOW64) AppleWebKit/537.36 (KHTML, like Gecko) Chrome/77.0.3865.90 Safari/537.36"
[2019-09-29T11:07:10.652] [INFO] default - ::1 - - "GET /feature/featureList HTTP/1.1" 304 - "http://localhost:8080/plan/feature" "Mozilla/5.0 (Windows NT 10.0; WOW64) AppleWebKit/537.36 (KHTML, like Gecko) Chrome/77.0.3865.90 Safari/537.36"
[2019-09-29T11:07:54.843] [INFO] default - ::1 - - "POST /feature/featureAdd HTTP/1.1" 200 10 "http://localhost:8080/plan/feature" "Mozilla/5.0 (Windows NT 10.0; WOW64) AppleWebKit/537.36 (KHTML, like Gecko) Chrome/77.0.3865.90 Safari/537.36"
[2019-09-29T11:07:54.866] [INFO] default - ::1 - - "GET /feature/featureList HTTP/1.1" 200 253 "http://localhost:8080/plan/feature" "Mozilla/5.0 (Windows NT 10.0; WOW64) AppleWebKit/537.36 (KHTML, like Gecko) Chrome/77.0.3865.90 Safari/537.36"
[2019-09-29T11:08:22.290] [INFO] default - ::1 - - "GET /route/routeList?identity=manager HTTP/1.1" 304 - "http://localhost:8080/plan/feature" "Mozilla/5.0 (Windows NT 10.0; WOW64) AppleWebKit/537.36 (KHTML, like Gecko) Chrome/77.0.3865.90 Safari/537.36"
[2019-09-29T11:08:22.491] [INFO] default - ::1 - - "GET /feature/featureList HTTP/1.1" 304 - "http://localhost:8080/plan/feature" "Mozilla/5.0 (Windows NT 10.0; WOW64) AppleWebKit/537.36 (KHTML, like Gecko) Chrome/77.0.3865.90 Safari/537.36"
[2019-09-29T11:08:45.478] [INFO] default - ::1 - - "GET /route/routeList?identity=manager HTTP/1.1" 304 - "http://localhost:8080/plan/feature" "Mozilla/5.0 (Windows NT 10.0; WOW64) AppleWebKit/537.36 (KHTML, like Gecko) Chrome/77.0.3865.90 Safari/537.36"
[2019-09-29T11:08:45.695] [INFO] default - ::1 - - "GET /feature/featureList HTTP/1.1" 304 - "http://localhost:8080/plan/feature" "Mozilla/5.0 (Windows NT 10.0; WOW64) AppleWebKit/537.36 (KHTML, like Gecko) Chrome/77.0.3865.90 Safari/537.36"
[2019-09-29T11:10:39.520] [INFO] default - ::1 - - "GET /route/routeList?identity=manager HTTP/1.1" 304 - "http://localhost:8080/plan/feature" "Mozilla/5.0 (Windows NT 10.0; WOW64) AppleWebKit/537.36 (KHTML, like Gecko) Chrome/77.0.3865.90 Safari/537.36"
[2019-09-29T11:10:39.954] [INFO] default - ::1 - - "GET /bug/bugList HTTP/1.1" 304 - "http://localhost:8080/plan/bug" "Mozilla/5.0 (Windows NT 10.0; WOW64) AppleWebKit/537.36 (KHTML, like Gecko) Chrome/77.0.3865.90 Safari/537.36"
[2019-09-29T11:11:48.853] [INFO] default - ::1 - - "GET /bug/bugList HTTP/1.1" 304 - "http://localhost:8080/plan/bug" "Mozilla/5.0 (Windows NT 10.0; WOW64) AppleWebKit/537.36 (KHTML, like Gecko) Chrome/77.0.3865.90 Safari/537.36"
[2019-09-29T11:11:49.011] [INFO] default - ::1 - - "GET /bug/bugList HTTP/1.1" 304 - "http://localhost:8080/plan/bug" "Mozilla/5.0 (Windows NT 10.0; WOW64) AppleWebKit/537.36 (KHTML, like Gecko) Chrome/77.0.3865.90 Safari/537.36"
[2019-09-29T11:12:00.055] [INFO] default - ::1 - - "GET /route/routeList?identity=manager HTTP/1.1" 304 - "http://localhost:8080/plan/bug" "Mozilla/5.0 (Windows NT 10.0; WOW64) AppleWebKit/537.36 (KHTML, like Gecko) Chrome/77.0.3865.90 Safari/537.36"
[2019-09-29T11:12:00.470] [INFO] default - ::1 - - "GET /feature/featureList HTTP/1.1" 304 - "http://localhost:8080/plan/feature" "Mozilla/5.0 (Windows NT 10.0; WOW64) AppleWebKit/537.36 (KHTML, like Gecko) Chrome/77.0.3865.90 Safari/537.36"
[2019-09-29T11:12:45.986] [INFO] default - ::1 - - "GET /route/routeList?identity=manager HTTP/1.1" 304 - "http://localhost:8080/plan/feature" "Mozilla/5.0 (Windows NT 10.0; WOW64) AppleWebKit/537.36 (KHTML, like Gecko) Chrome/77.0.3865.90 Safari/537.36"
[2019-09-29T11:12:46.193] [INFO] default - ::1 - - "GET /feature/featureList HTTP/1.1" 304 - "http://localhost:8080/plan/feature" "Mozilla/5.0 (Windows NT 10.0; WOW64) AppleWebKit/537.36 (KHTML, like Gecko) Chrome/77.0.3865.90 Safari/537.36"
[2019-09-29T11:17:37.977] [INFO] default - ::1 - - "POST /feature/featureAdd HTTP/1.1" 200 10 "http://localhost:8080/plan/feature" "Mozilla/5.0 (Windows NT 10.0; WOW64) AppleWebKit/537.36 (KHTML, like Gecko) Chrome/77.0.3865.90 Safari/537.36"
[2019-09-29T11:17:38.000] [INFO] default - ::1 - - "GET /feature/featureList HTTP/1.1" 200 464 "http://localhost:8080/plan/feature" "Mozilla/5.0 (Windows NT 10.0; WOW64) AppleWebKit/537.36 (KHTML, like Gecko) Chrome/77.0.3865.90 Safari/537.36"
[2019-09-29T11:26:10.700] [INFO] default - ::1 - - "GET /route/routeList?identity=manager HTTP/1.1" 304 - "http://localhost:8080/plan/feature" "Mozilla/5.0 (Windows NT 10.0; WOW64) AppleWebKit/537.36 (KHTML, like Gecko) Chrome/77.0.3865.90 Safari/537.36"
[2019-09-29T11:26:11.507] [INFO] default - ::1 - - "GET /bug/bugList HTTP/1.1" 304 - "http://localhost:8080/plan/bug" "Mozilla/5.0 (Windows NT 10.0; WOW64) AppleWebKit/537.36 (KHTML, like Gecko) Chrome/77.0.3865.90 Safari/537.36"
[2019-09-29T11:26:11.875] [INFO] default - ::1 - - "GET /route/routeList?identity=manager HTTP/1.1" 304 - "http://localhost:8080/plan/bug" "Mozilla/5.0 (Windows NT 10.0; WOW64) AppleWebKit/537.36 (KHTML, like Gecko) Chrome/77.0.3865.90 Safari/537.36"
[2019-09-29T11:26:12.295] [INFO] default - ::1 - - "GET /feature/featureList HTTP/1.1" 304 - "http://localhost:8080/plan/feature" "Mozilla/5.0 (Windows NT 10.0; WOW64) AppleWebKit/537.36 (KHTML, like Gecko) Chrome/77.0.3865.90 Safari/537.36"
[2019-09-29T11:26:54.712] [INFO] default - ::1 - - "POST /feature/featureAdd HTTP/1.1" 200 10 "http://localhost:8080/plan/feature" "Mozilla/5.0 (Windows NT 10.0; WOW64) AppleWebKit/537.36 (KHTML, like Gecko) Chrome/77.0.3865.90 Safari/537.36"
[2019-09-29T11:26:54.736] [INFO] default - ::1 - - "GET /feature/featureList HTTP/1.1" 200 680 "http://localhost:8080/plan/feature" "Mozilla/5.0 (Windows NT 10.0; WOW64) AppleWebKit/537.36 (KHTML, like Gecko) Chrome/77.0.3865.90 Safari/537.36"
[2019-09-29T11:30:52.475] [INFO] default - ::1 - - "GET /route/routeList?identity=manager HTTP/1.1" 304 - "http://localhost:8080/plan/feature" "Mozilla/5.0 (Windows NT 10.0; WOW64) AppleWebKit/537.36 (KHTML, like Gecko) Chrome/77.0.3865.90 Safari/537.36"
[2019-09-29T11:30:52.901] [INFO] default - ::1 - - "GET /bug/bugList HTTP/1.1" 304 - "http://localhost:8080/plan/bug" "Mozilla/5.0 (Windows NT 10.0; WOW64) AppleWebKit/537.36 (KHTML, like Gecko) Chrome/77.0.3865.90 Safari/537.36"
[2019-09-29T11:30:53.554] [INFO] default - ::1 - - "GET /route/routeList?identity=manager HTTP/1.1" 304 - "http://localhost:8080/plan/bug" "Mozilla/5.0 (Windows NT 10.0; WOW64) AppleWebKit/537.36 (KHTML, like Gecko) Chrome/77.0.3865.90 Safari/537.36"
[2019-09-29T11:30:53.962] [INFO] default - ::1 - - "GET /feature/featureList HTTP/1.1" 304 - "http://localhost:8080/plan/feature" "Mozilla/5.0 (Windows NT 10.0; WOW64) AppleWebKit/537.36 (KHTML, like Gecko) Chrome/77.0.3865.90 Safari/537.36"
[2019-09-29T11:35:17.279] [INFO] default - ::1 - - "GET /route/routeList?identity=manager HTTP/1.1" 304 - "http://localhost:8080/plan/feature" "Mozilla/5.0 (Windows NT 10.0; WOW64) AppleWebKit/537.36 (KHTML, like Gecko) Chrome/77.0.3865.90 Safari/537.36"
[2019-09-29T11:35:17.730] [INFO] default - ::1 - - "GET /bug/bugList HTTP/1.1" 304 - "http://localhost:8080/plan/bug" "Mozilla/5.0 (Windows NT 10.0; WOW64) AppleWebKit/537.36 (KHTML, like Gecko) Chrome/77.0.3865.90 Safari/537.36"
[2019-09-29T11:35:19.490] [INFO] default - ::1 - - "GET /route/routeList?identity=manager HTTP/1.1" 304 - "http://localhost:8080/plan/bug" "Mozilla/5.0 (Windows NT 10.0; WOW64) AppleWebKit/537.36 (KHTML, like Gecko) Chrome/77.0.3865.90 Safari/537.36"
[2019-09-29T11:35:20.730] [INFO] default - ::1 - - "GET /route/routeList?identity=manager HTTP/1.1" 304 - "http://localhost:8080/organize" "Mozilla/5.0 (Windows NT 10.0; WOW64) AppleWebKit/537.36 (KHTML, like Gecko) Chrome/77.0.3865.90 Safari/537.36"
[2019-09-29T11:35:21.162] [INFO] default - ::1 - - "GET /user/userList HTTP/1.1" 304 - "http://localhost:8080/user" "Mozilla/5.0 (Windows NT 10.0; WOW64) AppleWebKit/537.36 (KHTML, like Gecko) Chrome/77.0.3865.90 Safari/537.36"
[2019-09-29T11:35:23.374] [INFO] default - ::1 - - "GET /route/routeList?identity=manager HTTP/1.1" 304 - "http://localhost:8080/user" "Mozilla/5.0 (Windows NT 10.0; WOW64) AppleWebKit/537.36 (KHTML, like Gecko) Chrome/77.0.3865.90 Safari/537.36"
[2019-09-29T11:35:24.699] [INFO] default - ::1 - - "GET /route/routeList?identity=manager HTTP/1.1" 304 - "http://localhost:8080/home" "Mozilla/5.0 (Windows NT 10.0; WOW64) AppleWebKit/537.36 (KHTML, like Gecko) Chrome/77.0.3865.90 Safari/537.36"
[2019-09-29T11:35:25.102] [INFO] default - ::1 - - "GET /user/userList HTTP/1.1" 304 - "http://localhost:8080/user" "Mozilla/5.0 (Windows NT 10.0; WOW64) AppleWebKit/537.36 (KHTML, like Gecko) Chrome/77.0.3865.90 Safari/537.36"
[2019-09-29T12:39:02.498] [INFO] default - ::1 - - "GET /route/routeList?identity=manager HTTP/1.1" 304 - "http://localhost:8080/user" "Mozilla/5.0 (Windows NT 10.0; WOW64) AppleWebKit/537.36 (KHTML, like Gecko) Chrome/77.0.3865.90 Safari/537.36"
[2019-09-29T12:40:08.912] [INFO] default - ::1 - - "GET /route/routeList?identity=manager HTTP/1.1" 304 - "http://localhost:8080/" "Mozilla/5.0 (Windows NT 10.0; WOW64) AppleWebKit/537.36 (KHTML, like Gecko) Chrome/77.0.3865.90 Safari/537.36"
[2019-09-29T13:14:35.468] [INFO] default - ::1 - - "POST /admin/login HTTP/1.1" 200 231 "http://localhost:8080/" "Mozilla/5.0 (Windows NT 10.0; WOW64) AppleWebKit/537.36 (KHTML, like Gecko) Chrome/77.0.3865.90 Safari/537.36"
[2019-09-29T13:14:36.601] [INFO] default - ::1 - - "GET /route/routeList?identity=manager HTTP/1.1" 304 - "http://localhost:8080/" "Mozilla/5.0 (Windows NT 10.0; WOW64) AppleWebKit/537.36 (KHTML, like Gecko) Chrome/77.0.3865.90 Safari/537.36"
[2019-09-29T13:14:39.437] [INFO] default - ::1 - - "GET /route/routeList?identity=manager HTTP/1.1" 304 - "http://localhost:8080/home" "Mozilla/5.0 (Windows NT 10.0; WOW64) AppleWebKit/537.36 (KHTML, like Gecko) Chrome/77.0.3865.90 Safari/537.36"
[2019-09-29T13:14:39.951] [INFO] default - ::1 - - "GET /user/userList HTTP/1.1" 304 - "http://localhost:8080/user" "Mozilla/5.0 (Windows NT 10.0; WOW64) AppleWebKit/537.36 (KHTML, like Gecko) Chrome/77.0.3865.90 Safari/537.36"
[2019-09-29T13:19:55.333] [INFO] default - ::1 - - "GET /route/routeList?identity=manager HTTP/1.1" 304 - "http://localhost:8080/user" "Mozilla/5.0 (Windows NT 10.0; WOW64) AppleWebKit/537.36 (KHTML, like Gecko) Chrome/77.0.3865.90 Safari/537.36"
[2019-09-29T13:19:55.550] [INFO] default - ::1 - - "GET /user/userList HTTP/1.1" 304 - "http://localhost:8080/user" "Mozilla/5.0 (Windows NT 10.0; WOW64) AppleWebKit/537.36 (KHTML, like Gecko) Chrome/77.0.3865.90 Safari/537.36"
[2019-09-29T13:21:11.354] [INFO] default - ::1 - - "GET /user/userList HTTP/1.1" 304 - "http://localhost:8080/user" "Mozilla/5.0 (Windows NT 10.0; WOW64) AppleWebKit/537.36 (KHTML, like Gecko) Chrome/77.0.3865.90 Safari/537.36"
[2019-09-29T13:21:23.470] [INFO] default - ::1 - - "GET /user/userList HTTP/1.1" 304 - "http://localhost:8080/user" "Mozilla/5.0 (Windows NT 10.0; WOW64) AppleWebKit/537.36 (KHTML, like Gecko) Chrome/77.0.3865.90 Safari/537.36"
[2019-09-29T13:22:48.027] [INFO] default - ::1 - - "GET /route/routeList?identity=manager HTTP/1.1" 304 - "http://localhost:8080/user" "Mozilla/5.0 (Windows NT 10.0; WOW64) AppleWebKit/537.36 (KHTML, like Gecko) Chrome/77.0.3865.90 Safari/537.36"
[2019-09-29T13:22:48.275] [INFO] default - ::1 - - "GET /user/userList HTTP/1.1" 304 - "http://localhost:8080/user" "Mozilla/5.0 (Windows NT 10.0; WOW64) AppleWebKit/537.36 (KHTML, like Gecko) Chrome/77.0.3865.90 Safari/537.36"
[2019-09-29T13:26:32.142] [INFO] default - ::1 - - "GET /user/userList HTTP/1.1" 304 - "http://localhost:8080/user" "Mozilla/5.0 (Windows NT 10.0; WOW64) AppleWebKit/537.36 (KHTML, like Gecko) Chrome/77.0.3865.90 Safari/537.36"
[2019-09-29T13:27:38.065] [INFO] default - ::1 - - "GET /user/userList HTTP/1.1" 304 - "http://localhost:8080/user" "Mozilla/5.0 (Windows NT 10.0; WOW64) AppleWebKit/537.36 (KHTML, like Gecko) Chrome/77.0.3865.90 Safari/537.36"
[2019-09-29T13:27:55.355] [INFO] default - ::1 - - "GET /user/userList HTTP/1.1" 304 - "http://localhost:8080/user" "Mozilla/5.0 (Windows NT 10.0; WOW64) AppleWebKit/537.36 (KHTML, like Gecko) Chrome/77.0.3865.90 Safari/537.36"
[2019-09-29T13:31:30.846] [INFO] default - ::1 - - "GET /user/userList HTTP/1.1" 304 - "http://localhost:8080/user" "Mozilla/5.0 (Windows NT 10.0; WOW64) AppleWebKit/537.36 (KHTML, like Gecko) Chrome/77.0.3865.90 Safari/537.36"
[2019-09-29T13:31:31.461] [INFO] default - ::1 - - "GET /user/userList HTTP/1.1" 304 - "http://localhost:8080/user" "Mozilla/5.0 (Windows NT 10.0; WOW64) AppleWebKit/537.36 (KHTML, like Gecko) Chrome/77.0.3865.90 Safari/537.36"
[2019-09-29T13:31:49.056] [INFO] default - ::1 - - "GET /route/routeList?identity=manager HTTP/1.1" 304 - "http://localhost:8080/user" "Mozilla/5.0 (Windows NT 10.0; WOW64) AppleWebKit/537.36 (KHTML, like Gecko) Chrome/77.0.3865.90 Safari/537.36"
[2019-09-29T13:31:49.265] [INFO] default - ::1 - - "GET /user/userList HTTP/1.1" 304 - "http://localhost:8080/user" "Mozilla/5.0 (Windows NT 10.0; WOW64) AppleWebKit/537.36 (KHTML, like Gecko) Chrome/77.0.3865.90 Safari/537.36"
[2019-09-29T13:32:56.788] [INFO] default - ::1 - - "GET /user/userList HTTP/1.1" 304 - "http://localhost:8080/user" "Mozilla/5.0 (Windows NT 10.0; WOW64) AppleWebKit/537.36 (KHTML, like Gecko) Chrome/77.0.3865.90 Safari/537.36"
[2019-09-29T13:33:27.946] [INFO] default - ::1 - - "GET /user/userList HTTP/1.1" 304 - "http://localhost:8080/user" "Mozilla/5.0 (Windows NT 10.0; WOW64) AppleWebKit/537.36 (KHTML, like Gecko) Chrome/77.0.3865.90 Safari/537.36"
[2019-09-29T13:35:37.519] [INFO] default - ::1 - - "GET /route/routeList?identity=manager HTTP/1.1" 304 - "http://localhost:8080/user" "Mozilla/5.0 (Windows NT 10.0; WOW64) AppleWebKit/537.36 (KHTML, like Gecko) Chrome/77.0.3865.90 Safari/537.36"
[2019-09-29T13:35:37.804] [INFO] default - ::1 - - "GET /user/userList HTTP/1.1" 304 - "http://localhost:8080/user" "Mozilla/5.0 (Windows NT 10.0; WOW64) AppleWebKit/537.36 (KHTML, like Gecko) Chrome/77.0.3865.90 Safari/537.36"
[2019-09-29T13:47:35.396] [INFO] default - ::1 - - "GET /route/routeList?identity=manager HTTP/1.1" 304 - "http://localhost:8080/user" "Mozilla/5.0 (Windows NT 10.0; WOW64) AppleWebKit/537.36 (KHTML, like Gecko) Chrome/77.0.3865.90 Safari/537.36"
[2019-09-29T13:48:41.693] [INFO] default - ::1 - - "GET /route/routeList?identity=manager HTTP/1.1" 304 - "http://localhost:8080/user" "Mozilla/5.0 (Windows NT 10.0; WOW64) AppleWebKit/537.36 (KHTML, like Gecko) Chrome/77.0.3865.90 Safari/537.36"
[2019-09-29T13:49:51.401] [INFO] default - ::1 - - "GET /user/userList HTTP/1.1" 304 - "http://localhost:8080/user" "Mozilla/5.0 (Windows NT 10.0; WOW64) AppleWebKit/537.36 (KHTML, like Gecko) Chrome/77.0.3865.90 Safari/537.36"
[2019-09-29T13:57:44.938] [INFO] default - ::1 - - "GET /route/routeList?identity=manager HTTP/1.1" 304 - "http://localhost:8080/user" "Mozilla/5.0 (Windows NT 10.0; WOW64) AppleWebKit/537.36 (KHTML, like Gecko) Chrome/77.0.3865.90 Safari/537.36"
[2019-09-29T13:57:45.278] [INFO] default - ::1 - - "GET /user/userList HTTP/1.1" 304 - "http://localhost:8080/user" "Mozilla/5.0 (Windows NT 10.0; WOW64) AppleWebKit/537.36 (KHTML, like Gecko) Chrome/77.0.3865.90 Safari/537.36"
[2019-09-29T14:10:36.308] [INFO] default - ::1 - - "GET /route/routeList?identity=manager HTTP/1.1" 304 - "http://localhost:8080/user" "Mozilla/5.0 (Windows NT 10.0; WOW64) AppleWebKit/537.36 (KHTML, like Gecko) Chrome/77.0.3865.90 Safari/537.36"
[2019-09-29T14:10:36.518] [INFO] default - ::1 - - "GET /user/userList HTTP/1.1" 304 - "http://localhost:8080/user" "Mozilla/5.0 (Windows NT 10.0; WOW64) AppleWebKit/537.36 (KHTML, like Gecko) Chrome/77.0.3865.90 Safari/537.36"
[2019-09-29T14:14:24.081] [INFO] default - ::1 - - "GET /route/routeList?identity=manager HTTP/1.1" 304 - "http://localhost:8080/user" "Mozilla/5.0 (Windows NT 10.0; WOW64) AppleWebKit/537.36 (KHTML, like Gecko) Chrome/77.0.3865.90 Safari/537.36"
[2019-09-29T14:14:24.316] [INFO] default - ::1 - - "GET /user/userList HTTP/1.1" 304 - "http://localhost:8080/user" "Mozilla/5.0 (Windows NT 10.0; WOW64) AppleWebKit/537.36 (KHTML, like Gecko) Chrome/77.0.3865.90 Safari/537.36"
[2019-09-29T14:14:38.475] [INFO] default - ::1 - - "POST /user/userAdd HTTP/1.1" 401 - "http://localhost:8080/user" "Mozilla/5.0 (Windows NT 10.0; WOW64) AppleWebKit/537.36 (KHTML, like Gecko) Chrome/77.0.3865.90 Safari/537.36"
[2019-09-29T14:14:46.478] [INFO] default - ::1 - - "POST /admin/login HTTP/1.1" 200 231 "http://localhost:8080/signIn" "Mozilla/5.0 (Windows NT 10.0; WOW64) AppleWebKit/537.36 (KHTML, like Gecko) Chrome/77.0.3865.90 Safari/537.36"
[2019-09-29T14:14:47.552] [INFO] default - ::1 - - "GET /route/routeList?identity=manager HTTP/1.1" 304 - "http://localhost:8080/signIn" "Mozilla/5.0 (Windows NT 10.0; WOW64) AppleWebKit/537.36 (KHTML, like Gecko) Chrome/77.0.3865.90 Safari/537.36"
[2019-09-29T14:14:49.504] [INFO] default - ::1 - - "GET /route/routeList?identity=manager HTTP/1.1" 304 - "http://localhost:8080/home" "Mozilla/5.0 (Windows NT 10.0; WOW64) AppleWebKit/537.36 (KHTML, like Gecko) Chrome/77.0.3865.90 Safari/537.36"
[2019-09-29T14:14:49.971] [INFO] default - ::1 - - "GET /user/userList HTTP/1.1" 304 - "http://localhost:8080/user" "Mozilla/5.0 (Windows NT 10.0; WOW64) AppleWebKit/537.36 (KHTML, like Gecko) Chrome/77.0.3865.90 Safari/537.36"
[2019-09-29T14:15:02.067] [INFO] default - ::1 - - "POST /user/userAdd HTTP/1.1" 200 10 "http://localhost:8080/user" "Mozilla/5.0 (Windows NT 10.0; WOW64) AppleWebKit/537.36 (KHTML, like Gecko) Chrome/77.0.3865.90 Safari/537.36"
[2019-09-29T14:15:02.132] [INFO] default - ::1 - - "GET /user/userList HTTP/1.1" 200 175 "http://localhost:8080/user" "Mozilla/5.0 (Windows NT 10.0; WOW64) AppleWebKit/537.36 (KHTML, like Gecko) Chrome/77.0.3865.90 Safari/537.36"
[2019-09-29T14:15:24.968] [INFO] default - ::1 - - "GET /route/routeList?identity=manager HTTP/1.1" 304 - "http://localhost:8080/user" "Mozilla/5.0 (Windows NT 10.0; WOW64) AppleWebKit/537.36 (KHTML, like Gecko) Chrome/77.0.3865.90 Safari/537.36"
[2019-09-29T14:15:25.173] [INFO] default - ::1 - - "GET /user/userList HTTP/1.1" 304 - "http://localhost:8080/user" "Mozilla/5.0 (Windows NT 10.0; WOW64) AppleWebKit/537.36 (KHTML, like Gecko) Chrome/77.0.3865.90 Safari/537.36"
[2019-09-29T14:16:23.536] [INFO] default - ::1 - - "GET /route/routeList?identity=manager HTTP/1.1" 200 912 "http://localhost:8080/user" "Mozilla/5.0 (Linux; Android 6.0; Nexus 5 Build/MRA58N) AppleWebKit/537.36 (KHTML, like Gecko) Chrome/77.0.3865.90 Mobile Safari/537.36"
[2019-09-29T14:16:23.848] [INFO] default - ::1 - - "GET /user/userList HTTP/1.1" 200 184 "http://localhost:8080/user" "Mozilla/5.0 (Linux; Android 6.0; Nexus 5 Build/MRA58N) AppleWebKit/537.36 (KHTML, like Gecko) Chrome/77.0.3865.90 Mobile Safari/537.36"
[2019-09-29T14:17:05.852] [INFO] default - ::1 - - "GET /user/userList HTTP/1.1" 200 184 "http://localhost:8080/user" "Mozilla/5.0 (Linux; Android 6.0; Nexus 5 Build/MRA58N) AppleWebKit/537.36 (KHTML, like Gecko) Chrome/77.0.3865.90 Mobile Safari/537.36"
[2019-09-29T14:18:14.077] [INFO] default - ::1 - - "GET /route/routeList?identity=manager HTTP/1.1" 200 912 "http://localhost:8080/user" "Mozilla/5.0 (Linux; Android 6.0; Nexus 5 Build/MRA58N) AppleWebKit/537.36 (KHTML, like Gecko) Chrome/77.0.3865.90 Mobile Safari/537.36"
[2019-09-29T14:18:14.413] [INFO] default - ::1 - - "GET /user/userList HTTP/1.1" 200 184 "http://localhost:8080/user" "Mozilla/5.0 (Linux; Android 6.0; Nexus 5 Build/MRA58N) AppleWebKit/537.36 (KHTML, like Gecko) Chrome/77.0.3865.90 Mobile Safari/537.36"
[2019-09-29T14:18:39.895] [INFO] default - ::1 - - "GET /route/routeList?identity=manager HTTP/1.1" 200 912 "http://localhost:8080/user" "Mozilla/5.0 (Linux; Android 6.0; Nexus 5 Build/MRA58N) AppleWebKit/537.36 (KHTML, like Gecko) Chrome/77.0.3865.90 Mobile Safari/537.36"
[2019-09-29T14:18:40.220] [INFO] default - ::1 - - "GET /user/userList HTTP/1.1" 200 184 "http://localhost:8080/user" "Mozilla/5.0 (Linux; Android 6.0; Nexus 5 Build/MRA58N) AppleWebKit/537.36 (KHTML, like Gecko) Chrome/77.0.3865.90 Mobile Safari/537.36"
[2019-09-29T14:20:09.638] [INFO] default - ::1 - - "GET /user/userList HTTP/1.1" 200 184 "http://localhost:8080/user" "Mozilla/5.0 (Linux; Android 6.0; Nexus 5 Build/MRA58N) AppleWebKit/537.36 (KHTML, like Gecko) Chrome/77.0.3865.90 Mobile Safari/537.36"
[2019-09-29T14:20:12.410] [INFO] default - ::1 - - "GET /route/routeList?identity=manager HTTP/1.1" 200 912 "http://localhost:8080/user" "Mozilla/5.0 (Linux; Android 6.0; Nexus 5 Build/MRA58N) AppleWebKit/537.36 (KHTML, like Gecko) Chrome/77.0.3865.90 Mobile Safari/537.36"
[2019-09-29T14:20:12.771] [INFO] default - ::1 - - "GET /user/userList HTTP/1.1" 200 184 "http://localhost:8080/user" "Mozilla/5.0 (Linux; Android 6.0; Nexus 5 Build/MRA58N) AppleWebKit/537.36 (KHTML, like Gecko) Chrome/77.0.3865.90 Mobile Safari/537.36"
[2019-09-29T14:21:15.361] [INFO] default - ::1 - - "GET /user/userList HTTP/1.1" 200 184 "http://localhost:8080/user" "Mozilla/5.0 (Linux; Android 6.0; Nexus 5 Build/MRA58N) AppleWebKit/537.36 (KHTML, like Gecko) Chrome/77.0.3865.90 Mobile Safari/537.36"
[2019-09-29T14:21:20.792] [INFO] default - ::1 - - "GET /route/routeList?identity=manager HTTP/1.1" 200 912 "http://localhost:8080/user" "Mozilla/5.0 (Linux; Android 6.0; Nexus 5 Build/MRA58N) AppleWebKit/537.36 (KHTML, like Gecko) Chrome/77.0.3865.90 Mobile Safari/537.36"
[2019-09-29T14:21:21.076] [INFO] default - ::1 - - "GET /user/userList HTTP/1.1" 200 184 "http://localhost:8080/user" "Mozilla/5.0 (Linux; Android 6.0; Nexus 5 Build/MRA58N) AppleWebKit/537.36 (KHTML, like Gecko) Chrome/77.0.3865.90 Mobile Safari/537.36"
[2019-09-29T14:22:50.854] [INFO] default - ::1 - - "GET /user/userList HTTP/1.1" 304 - "http://localhost:8080/user" "Mozilla/5.0 (Windows NT 10.0; WOW64) AppleWebKit/537.36 (KHTML, like Gecko) Chrome/77.0.3865.90 Safari/537.36"
[2019-09-29T14:23:08.509] [INFO] default - ::1 - - "GET /route/routeList?identity=manager HTTP/1.1" 304 - "http://localhost:8080/user" "Mozilla/5.0 (Windows NT 10.0; WOW64) AppleWebKit/537.36 (KHTML, like Gecko) Chrome/77.0.3865.90 Safari/537.36"
[2019-09-29T14:23:08.730] [INFO] default - ::1 - - "GET /user/userList HTTP/1.1" 304 - "http://localhost:8080/user" "Mozilla/5.0 (Windows NT 10.0; WOW64) AppleWebKit/537.36 (KHTML, like Gecko) Chrome/77.0.3865.90 Safari/537.36"
[2019-09-29T14:25:22.484] [INFO] default - ::1 - - "GET /route/routeList?identity=manager HTTP/1.1" 304 - "http://localhost:8080/user" "Mozilla/5.0 (Windows NT 10.0; WOW64) AppleWebKit/537.36 (KHTML, like Gecko) Chrome/77.0.3865.90 Safari/537.36"
[2019-09-29T14:25:22.773] [INFO] default - ::1 - - "GET /user/userList HTTP/1.1" 304 - "http://localhost:8080/user" "Mozilla/5.0 (Windows NT 10.0; WOW64) AppleWebKit/537.36 (KHTML, like Gecko) Chrome/77.0.3865.90 Safari/537.36"
[2019-09-29T14:25:27.955] [INFO] default - ::1 - - "GET /route/routeList?identity=manager HTTP/1.1" 304 - "http://localhost:8080/user" "Mozilla/5.0 (Windows NT 10.0; WOW64) AppleWebKit/537.36 (KHTML, like Gecko) Chrome/77.0.3865.90 Safari/537.36"
[2019-09-29T14:25:28.179] [INFO] default - ::1 - - "GET /user/userList HTTP/1.1" 304 - "http://localhost:8080/user" "Mozilla/5.0 (Windows NT 10.0; WOW64) AppleWebKit/537.36 (KHTML, like Gecko) Chrome/77.0.3865.90 Safari/537.36"
[2019-09-29T14:25:30.435] [INFO] default - ::1 - - "GET /route/routeList?identity=manager HTTP/1.1" 304 - "http://localhost:8080/user" "Mozilla/5.0 (Windows NT 10.0; WOW64) AppleWebKit/537.36 (KHTML, like Gecko) Chrome/77.0.3865.90 Safari/537.36"
[2019-09-29T14:25:30.761] [INFO] default - ::1 - - "GET /user/userList HTTP/1.1" 304 - "http://localhost:8080/user" "Mozilla/5.0 (Windows NT 10.0; WOW64) AppleWebKit/537.36 (KHTML, like Gecko) Chrome/77.0.3865.90 Safari/537.36"
[2019-09-29T14:25:44.836] [INFO] default - ::1 - - "GET /route/routeList?identity=manager HTTP/1.1" 304 - "http://localhost:8080/user" "Mozilla/5.0 (Windows NT 10.0; WOW64) AppleWebKit/537.36 (KHTML, like Gecko) Chrome/77.0.3865.90 Safari/537.36"
[2019-09-29T14:25:45.706] [INFO] default - ::1 - - "GET /route/routeList?identity=manager HTTP/1.1" 304 - "http://localhost:8080/chart/barChart" "Mozilla/5.0 (Windows NT 10.0; WOW64) AppleWebKit/537.36 (KHTML, like Gecko) Chrome/77.0.3865.90 Safari/537.36"
[2019-09-29T14:25:46.152] [INFO] default - ::1 - - "GET /user/userList HTTP/1.1" 304 - "http://localhost:8080/user" "Mozilla/5.0 (Windows NT 10.0; WOW64) AppleWebKit/537.36 (KHTML, like Gecko) Chrome/77.0.3865.90 Safari/537.36"
[2019-09-29T14:27:12.426] [INFO] default - ::1 - - "GET /user/userList HTTP/1.1" 304 - "http://localhost:8080/user" "Mozilla/5.0 (Windows NT 10.0; WOW64) AppleWebKit/537.36 (KHTML, like Gecko) Chrome/77.0.3865.90 Safari/537.36"
[2019-09-29T14:29:44.909] [INFO] default - ::1 - - "GET /user/userList HTTP/1.1" 304 - "http://localhost:8080/user" "Mozilla/5.0 (Windows NT 10.0; WOW64) AppleWebKit/537.36 (KHTML, like Gecko) Chrome/77.0.3865.90 Safari/537.36"
[2019-09-29T14:30:28.388] [INFO] default - ::1 - - "GET /route/routeList?identity=manager HTTP/1.1" 304 - "http://localhost:8080/user" "Mozilla/5.0 (Windows NT 10.0; WOW64) AppleWebKit/537.36 (KHTML, like Gecko) Chrome/77.0.3865.90 Safari/537.36"
[2019-09-29T14:30:28.598] [INFO] default - ::1 - - "GET /user/userList HTTP/1.1" 500 1929 "http://localhost:8080/user" "Mozilla/5.0 (Windows NT 10.0; WOW64) AppleWebKit/537.36 (KHTML, like Gecko) Chrome/77.0.3865.90 Safari/537.36"
[2019-09-29T14:30:43.676] [INFO] default - ::1 - - "GET /route/routeList?identity=manager HTTP/1.1" 304 - "http://localhost:8080/user" "Mozilla/5.0 (Windows NT 10.0; WOW64) AppleWebKit/537.36 (KHTML, like Gecko) Chrome/77.0.3865.90 Safari/537.36"
[2019-09-29T14:30:43.946] [INFO] default - ::1 - - "GET /user/userList HTTP/1.1" 200 194 "http://localhost:8080/user" "Mozilla/5.0 (Windows NT 10.0; WOW64) AppleWebKit/537.36 (KHTML, like Gecko) Chrome/77.0.3865.90 Safari/537.36"
[2019-09-29T14:31:25.106] [INFO] default - ::1 - - "GET /route/routeList?identity=manager HTTP/1.1" 304 - "http://localhost:8080/user" "Mozilla/5.0 (Windows NT 10.0; WOW64) AppleWebKit/537.36 (KHTML, like Gecko) Chrome/77.0.3865.90 Safari/537.36"
[2019-09-29T14:31:25.573] [INFO] default - ::1 - - "GET /bug/bugList HTTP/1.1" 304 - "http://localhost:8080/plan/bug" "Mozilla/5.0 (Windows NT 10.0; WOW64) AppleWebKit/537.36 (KHTML, like Gecko) Chrome/77.0.3865.90 Safari/537.36"
[2019-09-29T14:31:26.175] [INFO] default - ::1 - - "GET /route/routeList?identity=manager HTTP/1.1" 304 - "http://localhost:8080/plan/bug" "Mozilla/5.0 (Windows NT 10.0; WOW64) AppleWebKit/537.36 (KHTML, like Gecko) Chrome/77.0.3865.90 Safari/537.36"
[2019-09-29T14:31:26.634] [INFO] default - ::1 - - "GET /feature/featureList HTTP/1.1" 200 690 "http://localhost:8080/plan/feature" "Mozilla/5.0 (Windows NT 10.0; WOW64) AppleWebKit/537.36 (KHTML, like Gecko) Chrome/77.0.3865.90 Safari/537.36"
[2019-09-29T14:31:29.744] [INFO] default - ::1 - - "GET /route/routeList?identity=manager HTTP/1.1" 304 - "http://localhost:8080/plan/feature" "Mozilla/5.0 (Windows NT 10.0; WOW64) AppleWebKit/537.36 (KHTML, like Gecko) Chrome/77.0.3865.90 Safari/537.36"
[2019-09-29T14:31:30.195] [INFO] default - ::1 - - "GET /user/userList HTTP/1.1" 304 - "http://localhost:8080/user" "Mozilla/5.0 (Windows NT 10.0; WOW64) AppleWebKit/537.36 (KHTML, like Gecko) Chrome/77.0.3865.90 Safari/537.36"
[2019-09-29T14:32:41.171] [INFO] default - ::1 - - "GET /route/routeList?identity=manager HTTP/1.1" 304 - "http://localhost:8080/user" "Mozilla/5.0 (Windows NT 10.0; WOW64) AppleWebKit/537.36 (KHTML, like Gecko) Chrome/77.0.3865.90 Safari/537.36"
[2019-09-29T14:37:46.317] [INFO] default - ::1 - - "GET /route/routeList?identity=manager HTTP/1.1" 304 - "http://localhost:8080/home" "Mozilla/5.0 (Windows NT 10.0; WOW64) AppleWebKit/537.36 (KHTML, like Gecko) Chrome/77.0.3865.90 Safari/537.36"
[2019-09-29T14:37:46.724] [INFO] default - ::1 - - "GET /bug/bugList HTTP/1.1" 304 - "http://localhost:8080/plan/bug" "Mozilla/5.0 (Windows NT 10.0; WOW64) AppleWebKit/537.36 (KHTML, like Gecko) Chrome/77.0.3865.90 Safari/537.36"
[2019-09-29T14:38:34.977] [INFO] default - ::1 - - "GET /route/routeList?identity=manager HTTP/1.1" 304 - "http://localhost:8080/plan/bug" "Mozilla/5.0 (Windows NT 10.0; WOW64) AppleWebKit/537.36 (KHTML, like Gecko) Chrome/77.0.3865.90 Safari/537.36"
[2019-09-29T14:38:35.405] [INFO] default - ::1 - - "GET /feature/featureList HTTP/1.1" 304 - "http://localhost:8080/plan/feature" "Mozilla/5.0 (Windows NT 10.0; WOW64) AppleWebKit/537.36 (KHTML, like Gecko) Chrome/77.0.3865.90 Safari/537.36"
[2019-09-29T14:38:37.310] [INFO] default - ::1 - - "GET /route/routeList?identity=manager HTTP/1.1" 304 - "http://localhost:8080/plan/feature" "Mozilla/5.0 (Windows NT 10.0; WOW64) AppleWebKit/537.36 (KHTML, like Gecko) Chrome/77.0.3865.90 Safari/537.36"
[2019-09-29T14:38:37.712] [INFO] default - ::1 - - "GET /bug/bugList HTTP/1.1" 304 - "http://localhost:8080/plan/bug" "Mozilla/5.0 (Windows NT 10.0; WOW64) AppleWebKit/537.36 (KHTML, like Gecko) Chrome/77.0.3865.90 Safari/537.36"
[2019-09-29T14:38:49.969] [INFO] default - ::1 - - "GET /route/routeList?identity=manager HTTP/1.1" 304 - "http://localhost:8080/plan/bug" "Mozilla/5.0 (Windows NT 10.0; WOW64) AppleWebKit/537.36 (KHTML, like Gecko) Chrome/77.0.3865.90 Safari/537.36"
[2019-09-29T14:38:50.167] [INFO] default - ::1 - - "GET /bug/bugList HTTP/1.1" 304 - "http://localhost:8080/plan/bug" "Mozilla/5.0 (Windows NT 10.0; WOW64) AppleWebKit/537.36 (KHTML, like Gecko) Chrome/77.0.3865.90 Safari/537.36"
[2019-09-29T14:38:51.862] [INFO] default - ::1 - - "GET /route/routeList?identity=manager HTTP/1.1" 304 - "http://localhost:8080/plan/bug" "Mozilla/5.0 (Windows NT 10.0; WOW64) AppleWebKit/537.36 (KHTML, like Gecko) Chrome/77.0.3865.90 Safari/537.36"
[2019-09-29T14:38:52.314] [INFO] default - ::1 - - "GET /feature/featureList HTTP/1.1" 304 - "http://localhost:8080/plan/feature" "Mozilla/5.0 (Windows NT 10.0; WOW64) AppleWebKit/537.36 (KHTML, like Gecko) Chrome/77.0.3865.90 Safari/537.36"
[2019-09-29T14:38:52.838] [INFO] default - ::1 - - "GET /route/routeList?identity=manager HTTP/1.1" 304 - "http://localhost:8080/plan/feature" "Mozilla/5.0 (Windows NT 10.0; WOW64) AppleWebKit/537.36 (KHTML, like Gecko) Chrome/77.0.3865.90 Safari/537.36"
[2019-09-29T14:38:53.249] [INFO] default - ::1 - - "GET /bug/bugList HTTP/1.1" 304 - "http://localhost:8080/plan/bug" "Mozilla/5.0 (Windows NT 10.0; WOW64) AppleWebKit/537.36 (KHTML, like Gecko) Chrome/77.0.3865.90 Safari/537.36"
[2019-09-29T14:40:39.322] [INFO] default - ::1 - - "GET /route/routeList?identity=manager HTTP/1.1" 304 - "http://localhost:8080/plan/bug" "Mozilla/5.0 (Windows NT 10.0; WOW64) AppleWebKit/537.36 (KHTML, like Gecko) Chrome/77.0.3865.90 Safari/537.36"
[2019-09-29T14:40:39.756] [INFO] default - ::1 - - "GET /feature/featureList HTTP/1.1" 304 - "http://localhost:8080/plan/feature" "Mozilla/5.0 (Windows NT 10.0; WOW64) AppleWebKit/537.36 (KHTML, like Gecko) Chrome/77.0.3865.90 Safari/537.36"
[2019-09-29T14:40:40.325] [INFO] default - ::1 - - "GET /route/routeList?identity=manager HTTP/1.1" 304 - "http://localhost:8080/plan/feature" "Mozilla/5.0 (Windows NT 10.0; WOW64) AppleWebKit/537.36 (KHTML, like Gecko) Chrome/77.0.3865.90 Safari/537.36"
[2019-09-29T14:40:40.730] [INFO] default - ::1 - - "GET /bug/bugList HTTP/1.1" 304 - "http://localhost:8080/plan/bug" "Mozilla/5.0 (Windows NT 10.0; WOW64) AppleWebKit/537.36 (KHTML, like Gecko) Chrome/77.0.3865.90 Safari/537.36"
[2019-09-29T14:42:43.791] [INFO] default - ::1 - - "GET /route/routeList?identity=manager HTTP/1.1" 304 - "http://localhost:8080/plan/bug" "Mozilla/5.0 (Windows NT 10.0; WOW64) AppleWebKit/537.36 (KHTML, like Gecko) Chrome/77.0.3865.90 Safari/537.36"
[2019-09-29T14:42:44.220] [INFO] default - ::1 - - "GET /feature/featureList HTTP/1.1" 304 - "http://localhost:8080/plan/feature" "Mozilla/5.0 (Windows NT 10.0; WOW64) AppleWebKit/537.36 (KHTML, like Gecko) Chrome/77.0.3865.90 Safari/537.36"
[2019-09-29T14:48:59.457] [INFO] default - ::1 - - "GET /route/routeList?identity=manager HTTP/1.1" 304 - "http://localhost:8080/plan/feature" "Mozilla/5.0 (Windows NT 10.0; WOW64) AppleWebKit/537.36 (KHTML, like Gecko) Chrome/77.0.3865.90 Safari/537.36"
[2019-09-29T14:48:59.859] [INFO] default - ::1 - - "GET /bug/bugList HTTP/1.1" 304 - "http://localhost:8080/plan/bug" "Mozilla/5.0 (Windows NT 10.0; WOW64) AppleWebKit/537.36 (KHTML, like Gecko) Chrome/77.0.3865.90 Safari/537.36"
[2019-09-29T14:49:00.953] [INFO] default - ::1 - - "GET /route/routeList?identity=manager HTTP/1.1" 304 - "http://localhost:8080/plan/bug" "Mozilla/5.0 (Windows NT 10.0; WOW64) AppleWebKit/537.36 (KHTML, like Gecko) Chrome/77.0.3865.90 Safari/537.36"
[2019-09-29T14:49:01.360] [INFO] default - ::1 - - "GET /feature/featureList HTTP/1.1" 304 - "http://localhost:8080/plan/feature" "Mozilla/5.0 (Windows NT 10.0; WOW64) AppleWebKit/537.36 (KHTML, like Gecko) Chrome/77.0.3865.90 Safari/537.36"
[2019-09-29T14:50:11.766] [INFO] default - ::1 - - "POST /feature/featureAdd HTTP/1.1" 200 10 "http://localhost:8080/plan/feature" "Mozilla/5.0 (Windows NT 10.0; WOW64) AppleWebKit/537.36 (KHTML, like Gecko) Chrome/77.0.3865.90 Safari/537.36"
[2019-09-29T14:50:11.801] [INFO] default - ::1 - - "GET /feature/featureList HTTP/1.1" 200 909 "http://localhost:8080/plan/feature" "Mozilla/5.0 (Windows NT 10.0; WOW64) AppleWebKit/537.36 (KHTML, like Gecko) Chrome/77.0.3865.90 Safari/537.36"
[2019-09-29T14:52:31.452] [INFO] default - ::1 - - "GET /feature/featureList HTTP/1.1" 304 - "http://localhost:8080/plan/feature" "Mozilla/5.0 (Windows NT 10.0; WOW64) AppleWebKit/537.36 (KHTML, like Gecko) Chrome/77.0.3865.90 Safari/537.36"
[2019-09-29T14:54:31.883] [INFO] default - ::1 - - "GET /route/routeList?identity=manager HTTP/1.1" 304 - "http://localhost:8080/plan/feature" "Mozilla/5.0 (Windows NT 10.0; WOW64) AppleWebKit/537.36 (KHTML, like Gecko) Chrome/77.0.3865.90 Safari/537.36"
[2019-09-29T14:54:32.703] [INFO] default - ::1 - - "GET /article/articleList?pagesize=10&currentPage=1 HTTP/1.1" 304 - "http://localhost:8080/article/articleList" "Mozilla/5.0 (Windows NT 10.0; WOW64) AppleWebKit/537.36 (KHTML, like Gecko) Chrome/77.0.3865.90 Safari/537.36"
[2019-09-29T14:54:35.141] [INFO] default - ::1 - - "GET /route/routeList?identity=manager HTTP/1.1" 304 - "http://localhost:8080/article/articleList" "Mozilla/5.0 (Windows NT 10.0; WOW64) AppleWebKit/537.36 (KHTML, like Gecko) Chrome/77.0.3865.90 Safari/537.36"
[2019-09-29T14:54:36.896] [INFO] default - ::1 - - "GET /route/routeList?identity=manager HTTP/1.1" 304 - "http://localhost:8080/article/addArticle" "Mozilla/5.0 (Windows NT 10.0; WOW64) AppleWebKit/537.36 (KHTML, like Gecko) Chrome/77.0.3865.90 Safari/537.36"
[2019-09-29T14:54:37.324] [INFO] default - ::1 - - "GET /article/articleList?pagesize=10&currentPage=1 HTTP/1.1" 304 - "http://localhost:8080/article/articleList" "Mozilla/5.0 (Windows NT 10.0; WOW64) AppleWebKit/537.36 (KHTML, like Gecko) Chrome/77.0.3865.90 Safari/537.36"
[2019-09-29T14:56:25.935] [INFO] default - ::1 - - "GET /article/articleList?pagesize=10&currentPage=1 HTTP/1.1" 304 - "http://localhost:8080/article/articleList" "Mozilla/5.0 (Windows NT 10.0; WOW64) AppleWebKit/537.36 (KHTML, like Gecko) Chrome/77.0.3865.90 Safari/537.36"
[2019-09-29T14:56:27.310] [INFO] default - ::1 - - "GET /route/routeList?identity=manager HTTP/1.1" 304 - "http://localhost:8080/article/articleList" "Mozilla/5.0 (Windows NT 10.0; WOW64) AppleWebKit/537.36 (KHTML, like Gecko) Chrome/77.0.3865.90 Safari/537.36"
[2019-09-29T14:56:29.752] [INFO] default - ::1 - - "GET /route/routeList?identity=manager HTTP/1.1" 304 - "http://localhost:8080/article/articleList" "Mozilla/5.0 (Windows NT 10.0; WOW64) AppleWebKit/537.36 (KHTML, like Gecko) Chrome/77.0.3865.90 Safari/537.36"
[2019-09-29T14:56:29.896] [INFO] default - ::1 - - "GET /article/articleList?pagesize=10&currentPage=1 HTTP/1.1" 304 - "http://localhost:8080/article/articleList" "Mozilla/5.0 (Windows NT 10.0; WOW64) AppleWebKit/537.36 (KHTML, like Gecko) Chrome/77.0.3865.90 Safari/537.36"
[2019-09-29T14:56:30.820] [INFO] default - ::1 - - "GET /route/routeList?identity=manager HTTP/1.1" 304 - "http://localhost:8080/article/articleList" "Mozilla/5.0 (Windows NT 10.0; WOW64) AppleWebKit/537.36 (KHTML, like Gecko) Chrome/77.0.3865.90 Safari/537.36"
[2019-09-29T14:56:37.831] [INFO] default - ::1 - - "GET /route/routeList?identity=manager HTTP/1.1" 304 - "http://localhost:8080/article/addArticle" "Mozilla/5.0 (Windows NT 10.0; WOW64) AppleWebKit/537.36 (KHTML, like Gecko) Chrome/77.0.3865.90 Safari/537.36"
[2019-09-29T14:56:38.273] [INFO] default - ::1 - - "GET /article/articleList?pagesize=10&currentPage=1 HTTP/1.1" 304 - "http://localhost:8080/article/articleList" "Mozilla/5.0 (Windows NT 10.0; WOW64) AppleWebKit/537.36 (KHTML, like Gecko) Chrome/77.0.3865.90 Safari/537.36"
[2019-09-29T14:56:39.027] [INFO] default - ::1 - - "GET /route/routeList?identity=manager HTTP/1.1" 304 - "http://localhost:8080/article/articleList" "Mozilla/5.0 (Windows NT 10.0; WOW64) AppleWebKit/537.36 (KHTML, like Gecko) Chrome/77.0.3865.90 Safari/537.36"
[2019-09-29T14:56:40.790] [INFO] default - ::1 - - "GET /route/routeList?identity=manager HTTP/1.1" 304 - "http://localhost:8080/article/addArticle" "Mozilla/5.0 (Windows NT 10.0; WOW64) AppleWebKit/537.36 (KHTML, like Gecko) Chrome/77.0.3865.90 Safari/537.36"
[2019-09-29T14:56:41.232] [INFO] default - ::1 - - "GET /article/articleList?pagesize=10&currentPage=1 HTTP/1.1" 304 - "http://localhost:8080/article/articleList" "Mozilla/5.0 (Windows NT 10.0; WOW64) AppleWebKit/537.36 (KHTML, like Gecko) Chrome/77.0.3865.90 Safari/537.36"
[2019-09-29T15:01:50.252] [INFO] default - ::1 - - "GET /article/articleList?pagesize=10&currentPage=1 HTTP/1.1" 304 - "http://localhost:8080/article/articleList" "Mozilla/5.0 (Windows NT 10.0; WOW64) AppleWebKit/537.36 (KHTML, like Gecko) Chrome/77.0.3865.90 Safari/537.36"
[2019-09-29T15:02:29.817] [INFO] default - ::1 - - "GET /route/routeList?identity=manager HTTP/1.1" 304 - "http://localhost:8080/article/articleList" "Mozilla/5.0 (Windows NT 10.0; WOW64) AppleWebKit/537.36 (KHTML, like Gecko) Chrome/77.0.3865.90 Safari/537.36"
[2019-09-29T15:02:31.605] [INFO] default - ::1 - - "GET /route/routeList?identity=manager HTTP/1.1" 304 - "http://localhost:8080/article/addArticle" "Mozilla/5.0 (Windows NT 10.0; WOW64) AppleWebKit/537.36 (KHTML, like Gecko) Chrome/77.0.3865.90 Safari/537.36"
[2019-09-29T15:02:32.041] [INFO] default - ::1 - - "GET /article/articleList?pagesize=10&currentPage=1 HTTP/1.1" 304 - "http://localhost:8080/article/articleList" "Mozilla/5.0 (Windows NT 10.0; WOW64) AppleWebKit/537.36 (KHTML, like Gecko) Chrome/77.0.3865.90 Safari/537.36"
[2019-09-29T15:02:33.675] [INFO] default - ::1 - - "GET /route/routeList?identity=manager HTTP/1.1" 304 - "http://localhost:8080/article/articleList" "Mozilla/5.0 (Windows NT 10.0; WOW64) AppleWebKit/537.36 (KHTML, like Gecko) Chrome/77.0.3865.90 Safari/537.36"
[2019-09-29T15:02:37.232] [INFO] default - ::1 - - "GET /route/routeList?identity=manager HTTP/1.1" 304 - "http://localhost:8080/article/addArticle" "Mozilla/5.0 (Windows NT 10.0; WOW64) AppleWebKit/537.36 (KHTML, like Gecko) Chrome/77.0.3865.90 Safari/537.36"
[2019-09-29T15:02:37.667] [INFO] default - ::1 - - "GET /article/articleList?pagesize=10&currentPage=1 HTTP/1.1" 304 - "http://localhost:8080/article/articleList" "Mozilla/5.0 (Windows NT 10.0; WOW64) AppleWebKit/537.36 (KHTML, like Gecko) Chrome/77.0.3865.90 Safari/537.36"
[2019-09-29T15:02:45.407] [INFO] default - ::1 - - "GET /route/routeList?identity=manager HTTP/1.1" 304 - "http://localhost:8080/article/articleList" "Mozilla/5.0 (Windows NT 10.0; WOW64) AppleWebKit/537.36 (KHTML, like Gecko) Chrome/77.0.3865.90 Safari/537.36"
[2019-09-29T15:02:46.137] [INFO] default - ::1 - - "GET /log/logList HTTP/1.1" 200 740 "http://localhost:8080/log" "Mozilla/5.0 (Windows NT 10.0; WOW64) AppleWebKit/537.36 (KHTML, like Gecko) Chrome/77.0.3865.90 Safari/537.36"
[2019-09-29T15:05:33.024] [INFO] default - ::1 - - "GET /route/routeList?identity=manager HTTP/1.1" 304 - "http://localhost:8080/log" "Mozilla/5.0 (Windows NT 10.0; WOW64) AppleWebKit/537.36 (KHTML, like Gecko) Chrome/77.0.3865.90 Safari/537.36"
[2019-09-29T15:05:33.425] [INFO] default - ::1 - - "GET /bug/bugList HTTP/1.1" 304 - "http://localhost:8080/plan/bug" "Mozilla/5.0 (Windows NT 10.0; WOW64) AppleWebKit/537.36 (KHTML, like Gecko) Chrome/77.0.3865.90 Safari/537.36"
[2019-09-29T15:05:33.613] [INFO] default - ::1 - - "GET /route/routeList?identity=manager HTTP/1.1" 304 - "http://localhost:8080/plan/bug" "Mozilla/5.0 (Windows NT 10.0; WOW64) AppleWebKit/537.36 (KHTML, like Gecko) Chrome/77.0.3865.90 Safari/537.36"
[2019-09-29T15:05:34.016] [INFO] default - ::1 - - "GET /feature/featureList HTTP/1.1" 304 - "http://localhost:8080/plan/feature" "Mozilla/5.0 (Windows NT 10.0; WOW64) AppleWebKit/537.36 (KHTML, like Gecko) Chrome/77.0.3865.90 Safari/537.36"
[2019-09-29T15:05:40.296] [INFO] default - ::1 - - "GET /route/routeList?identity=manager HTTP/1.1" 304 - "http://localhost:8080/plan/feature" "Mozilla/5.0 (Windows NT 10.0; WOW64) AppleWebKit/537.36 (KHTML, like Gecko) Chrome/77.0.3865.90 Safari/537.36"
[2019-09-29T15:05:40.705] [INFO] default - ::1 - - "GET /bug/bugList HTTP/1.1" 304 - "http://localhost:8080/plan/bug" "Mozilla/5.0 (Windows NT 10.0; WOW64) AppleWebKit/537.36 (KHTML, like Gecko) Chrome/77.0.3865.90 Safari/537.36"
[2019-09-29T15:05:47.679] [INFO] default - ::1 - - "GET /route/routeList?identity=manager HTTP/1.1" 304 - "http://localhost:8080/plan/bug" "Mozilla/5.0 (Windows NT 10.0; WOW64) AppleWebKit/537.36 (KHTML, like Gecko) Chrome/77.0.3865.90 Safari/537.36"
[2019-09-29T15:05:48.096] [INFO] default - ::1 - - "GET /feature/featureList HTTP/1.1" 304 - "http://localhost:8080/plan/feature" "Mozilla/5.0 (Windows NT 10.0; WOW64) AppleWebKit/537.36 (KHTML, like Gecko) Chrome/77.0.3865.90 Safari/537.36"
[2019-09-29T15:06:31.031] [INFO] default - ::1 - - "GET /feature/featureList HTTP/1.1" 304 - "http://localhost:8080/plan/feature" "Mozilla/5.0 (Windows NT 10.0; WOW64) AppleWebKit/537.36 (KHTML, like Gecko) Chrome/77.0.3865.90 Safari/537.36"
[2019-09-29T15:06:52.448] [INFO] default - ::1 - - "GET /route/routeList?identity=manager HTTP/1.1" 304 - "http://localhost:8080/plan/feature" "Mozilla/5.0 (Windows NT 10.0; WOW64) AppleWebKit/537.36 (KHTML, like Gecko) Chrome/77.0.3865.90 Safari/537.36"
[2019-09-29T15:06:52.721] [INFO] default - ::1 - - "GET /feature/featureList HTTP/1.1" 304 - "http://localhost:8080/plan/feature" "Mozilla/5.0 (Windows NT 10.0; WOW64) AppleWebKit/537.36 (KHTML, like Gecko) Chrome/77.0.3865.90 Safari/537.36"
[2019-09-29T15:10:58.227] [INFO] default - ::1 - - "GET /route/routeList?identity=manager HTTP/1.1" 304 - "http://localhost:8080/plan/feature" "Mozilla/5.0 (Windows NT 10.0; WOW64) AppleWebKit/537.36 (KHTML, like Gecko) Chrome/77.0.3865.90 Safari/537.36"
[2019-09-29T15:10:58.449] [INFO] default - ::1 - - "GET /feature/featureList HTTP/1.1" 304 - "http://localhost:8080/plan/feature" "Mozilla/5.0 (Windows NT 10.0; WOW64) AppleWebKit/537.36 (KHTML, like Gecko) Chrome/77.0.3865.90 Safari/537.36"
[2019-09-29T15:11:57.844] [INFO] default - ::1 - - "GET /route/routeList?identity=manager HTTP/1.1" 304 - "http://localhost:8080/plan/feature" "Mozilla/5.0 (Windows NT 10.0; WOW64) AppleWebKit/537.36 (KHTML, like Gecko) Chrome/77.0.3865.90 Safari/537.36"
[2019-09-29T15:11:58.094] [INFO] default - ::1 - - "GET /feature/featureList HTTP/1.1" 304 - "http://localhost:8080/plan/feature" "Mozilla/5.0 (Windows NT 10.0; WOW64) AppleWebKit/537.36 (KHTML, like Gecko) Chrome/77.0.3865.90 Safari/537.36"
[2019-09-29T15:11:59.221] [INFO] default - ::1 - - "GET /route/routeList?identity=manager HTTP/1.1" 304 - "http://localhost:8080/plan/feature" "Mozilla/5.0 (Windows NT 10.0; WOW64) AppleWebKit/537.36 (KHTML, like Gecko) Chrome/77.0.3865.90 Safari/537.36"
[2019-09-29T15:12:01.638] [INFO] default - ::1 - - "GET /route/routeList?identity=manager HTTP/1.1" 304 - "http://localhost:8080/home" "Mozilla/5.0 (Windows NT 10.0; WOW64) AppleWebKit/537.36 (KHTML, like Gecko) Chrome/77.0.3865.90 Safari/537.36"
[2019-09-29T15:16:48.994] [INFO] default - ::1 - - "GET /route/routeList?identity=manager HTTP/1.1" 304 - "http://localhost:8080/home" "Mozilla/5.0 (Windows NT 10.0; WOW64) AppleWebKit/537.36 (KHTML, like Gecko) Chrome/77.0.3865.90 Safari/537.36"
[2019-09-29T15:16:51.513] [INFO] default - ::1 - - "GET /user/userList HTTP/1.1" 401 - "http://localhost:8080/user" "Mozilla/5.0 (Windows NT 10.0; WOW64) AppleWebKit/537.36 (KHTML, like Gecko) Chrome/77.0.3865.90 Safari/537.36"
[2019-09-29T15:18:28.756] [INFO] default - ::1 - - "POST /admin/login HTTP/1.1" 200 231 "http://localhost:8080/signIn" "Mozilla/5.0 (Windows NT 10.0; WOW64) AppleWebKit/537.36 (KHTML, like Gecko) Chrome/77.0.3865.90 Safari/537.36"
[2019-09-29T15:18:29.853] [INFO] default - ::1 - - "GET /route/routeList?identity=manager HTTP/1.1" 304 - "http://localhost:8080/signIn" "Mozilla/5.0 (Windows NT 10.0; WOW64) AppleWebKit/537.36 (KHTML, like Gecko) Chrome/77.0.3865.90 Safari/537.36"
[2019-09-29T15:23:25.688] [INFO] default - ::1 - - "GET /route/routeList?identity=manager HTTP/1.1" 304 - "http://localhost:8080/home" "Mozilla/5.0 (Windows NT 10.0; WOW64) AppleWebKit/537.36 (KHTML, like Gecko) Chrome/77.0.3865.90 Safari/537.36"
[2019-09-29T15:24:15.556] [INFO] default - ::1 - - "GET /route/routeList?identity=manager HTTP/1.1" 304 - "http://localhost:8080/home" "Mozilla/5.0 (Windows NT 10.0; WOW64) AppleWebKit/537.36 (KHTML, like Gecko) Chrome/77.0.3865.90 Safari/537.36"
[2019-09-29T15:24:44.789] [INFO] default - ::1 - - "GET /route/routeList?identity=manager HTTP/1.1" 304 - "http://localhost:8080/home" "Mozilla/5.0 (Windows NT 10.0; WOW64) AppleWebKit/537.36 (KHTML, like Gecko) Chrome/77.0.3865.90 Safari/537.36"
[2019-09-29T15:24:45.360] [INFO] default - ::1 - - "GET /article/articleList?pagesize=10&currentPage=1 HTTP/1.1" 304 - "http://localhost:8080/article/articleList" "Mozilla/5.0 (Windows NT 10.0; WOW64) AppleWebKit/537.36 (KHTML, like Gecko) Chrome/77.0.3865.90 Safari/537.36"
[2019-09-29T15:45:31.256] [INFO] default - ::1 - - "GET /route/routeList?identity=manager HTTP/1.1" 304 - "http://localhost:8080/article/articleList" "Mozilla/5.0 (Windows NT 10.0; WOW64) AppleWebKit/537.36 (KHTML, like Gecko) Chrome/77.0.3865.90 Safari/537.36"
[2019-09-29T15:45:31.500] [INFO] default - ::1 - - "GET /article/articleList?pagesize=10&currentPage=1 HTTP/1.1" 304 - "http://localhost:8080/article/articleList" "Mozilla/5.0 (Windows NT 10.0; WOW64) AppleWebKit/537.36 (KHTML, like Gecko) Chrome/77.0.3865.90 Safari/537.36"
[2019-09-29T15:51:00.072] [INFO] default - ::1 - - "GET /route/routeList?identity=manager HTTP/1.1" 304 - "http://localhost:8080/article/articleList" "Mozilla/5.0 (Windows NT 10.0; WOW64) AppleWebKit/537.36 (KHTML, like Gecko) Chrome/77.0.3865.90 Safari/537.36"
[2019-09-29T15:51:00.340] [INFO] default - ::1 - - "GET /article/articleList?pagesize=10&currentPage=1 HTTP/1.1" 304 - "http://localhost:8080/article/articleList" "Mozilla/5.0 (Windows NT 10.0; WOW64) AppleWebKit/537.36 (KHTML, like Gecko) Chrome/77.0.3865.90 Safari/537.36"
[2019-09-29T15:54:18.990] [INFO] default - ::1 - - "GET /route/routeList?identity=manager HTTP/1.1" 304 - "http://localhost:8080/article/articleList" "Mozilla/5.0 (Windows NT 10.0; WOW64) AppleWebKit/537.36 (KHTML, like Gecko) Chrome/77.0.3865.90 Safari/537.36"
[2019-09-29T15:54:19.249] [INFO] default - ::1 - - "GET /article/articleList?pagesize=10&currentPage=1 HTTP/1.1" 304 - "http://localhost:8080/article/articleList" "Mozilla/5.0 (Windows NT 10.0; WOW64) AppleWebKit/537.36 (KHTML, like Gecko) Chrome/77.0.3865.90 Safari/537.36"
[2019-09-29T15:56:42.419] [INFO] default - ::1 - - "GET /route/routeList?identity=manager HTTP/1.1" 304 - "http://localhost:8080/article/articleList" "Mozilla/5.0 (Windows NT 10.0; WOW64) AppleWebKit/537.36 (KHTML, like Gecko) Chrome/77.0.3865.90 Safari/537.36"
[2019-09-29T15:56:42.709] [INFO] default - ::1 - - "GET /article/articleList?pagesize=10&currentPage=1 HTTP/1.1" 304 - "http://localhost:8080/article/articleList" "Mozilla/5.0 (Windows NT 10.0; WOW64) AppleWebKit/537.36 (KHTML, like Gecko) Chrome/77.0.3865.90 Safari/537.36"
[2019-09-29T15:56:57.478] [INFO] default - ::1 - - "GET /route/routeList?identity=manager HTTP/1.1" 304 - "http://localhost:8080/article/articleList" "Mozilla/5.0 (Windows NT 10.0; WOW64) AppleWebKit/537.36 (KHTML, like Gecko) Chrome/77.0.3865.90 Safari/537.36"
[2019-09-29T15:56:57.743] [INFO] default - ::1 - - "GET /article/articleList?pagesize=10&currentPage=1 HTTP/1.1" 304 - "http://localhost:8080/article/articleList" "Mozilla/5.0 (Windows NT 10.0; WOW64) AppleWebKit/537.36 (KHTML, like Gecko) Chrome/77.0.3865.90 Safari/537.36"
[2019-09-29T15:57:46.396] [INFO] default - ::1 - - "GET /route/routeList?identity=manager HTTP/1.1" 200 912 "http://localhost:8080/article/articleList" "Mozilla/5.0 (Linux; Android 6.0; Nexus 5 Build/MRA58N) AppleWebKit/537.36 (KHTML, like Gecko) Chrome/77.0.3865.90 Mobile Safari/537.36"
[2019-09-29T15:57:46.782] [INFO] default - ::1 - - "GET /article/articleList?pagesize=10&currentPage=1 HTTP/1.1" 200 318 "http://localhost:8080/article/articleList" "Mozilla/5.0 (Linux; Android 6.0; Nexus 5 Build/MRA58N) AppleWebKit/537.36 (KHTML, like Gecko) Chrome/77.0.3865.90 Mobile Safari/537.36"
[2019-09-29T15:58:39.143] [INFO] default - ::1 - - "GET /route/routeList?identity=manager HTTP/1.1" 200 912 "http://localhost:8080/article/articleList" "Mozilla/5.0 (Linux; Android 6.0; Nexus 5 Build/MRA58N) AppleWebKit/537.36 (KHTML, like Gecko) Chrome/77.0.3865.90 Mobile Safari/537.36"
[2019-09-29T15:58:39.564] [INFO] default - ::1 - - "GET /article/articleList?pagesize=10&currentPage=1 HTTP/1.1" 200 318 "http://localhost:8080/article/articleList" "Mozilla/5.0 (Linux; Android 6.0; Nexus 5 Build/MRA58N) AppleWebKit/537.36 (KHTML, like Gecko) Chrome/77.0.3865.90 Mobile Safari/537.36"
[2019-09-29T16:00:04.679] [INFO] default - ::1 - - "GET /route/routeList?identity=manager HTTP/1.1" 200 912 "http://localhost:8080/article/articleList" "Mozilla/5.0 (Linux; Android 6.0; Nexus 5 Build/MRA58N) AppleWebKit/537.36 (KHTML, like Gecko) Chrome/77.0.3865.90 Mobile Safari/537.36"
[2019-09-29T16:00:05.073] [INFO] default - ::1 - - "GET /article/articleList?pagesize=10&currentPage=1 HTTP/1.1" 200 318 "http://localhost:8080/article/articleList" "Mozilla/5.0 (Linux; Android 6.0; Nexus 5 Build/MRA58N) AppleWebKit/537.36 (KHTML, like Gecko) Chrome/77.0.3865.90 Mobile Safari/537.36"
[2019-09-29T16:00:24.080] [INFO] default - ::1 - - "GET /route/routeList?identity=manager HTTP/1.1" 200 912 "http://localhost:8080/article/articleList" "Mozilla/5.0 (Linux; Android 6.0; Nexus 5 Build/MRA58N) AppleWebKit/537.36 (KHTML, like Gecko) Chrome/77.0.3865.90 Mobile Safari/537.36"
[2019-09-29T16:00:24.467] [INFO] default - ::1 - - "GET /article/articleList?pagesize=10&currentPage=1 HTTP/1.1" 200 318 "http://localhost:8080/article/articleList" "Mozilla/5.0 (Linux; Android 6.0; Nexus 5 Build/MRA58N) AppleWebKit/537.36 (KHTML, like Gecko) Chrome/77.0.3865.90 Mobile Safari/537.36"
[2019-09-29T16:00:42.877] [INFO] default - ::1 - - "GET /route/routeList?identity=manager HTTP/1.1" 304 - "http://localhost:8080/article/articleList" "Mozilla/5.0 (Windows NT 10.0; WOW64) AppleWebKit/537.36 (KHTML, like Gecko) Chrome/77.0.3865.90 Safari/537.36"
[2019-09-29T16:00:43.160] [INFO] default - ::1 - - "GET /article/articleList?pagesize=10&currentPage=1 HTTP/1.1" 304 - "http://localhost:8080/article/articleList" "Mozilla/5.0 (Windows NT 10.0; WOW64) AppleWebKit/537.36 (KHTML, like Gecko) Chrome/77.0.3865.90 Safari/537.36"
[2019-09-29T16:01:30.409] [INFO] default - ::1 - - "GET /route/routeList?identity=manager HTTP/1.1" 200 912 "http://localhost:8080/article/articleList" "Mozilla/5.0 (Linux; Android 6.0; Nexus 5 Build/MRA58N) AppleWebKit/537.36 (KHTML, like Gecko) Chrome/77.0.3865.90 Mobile Safari/537.36"
[2019-09-29T16:01:30.827] [INFO] default - ::1 - - "GET /article/articleList?pagesize=10&currentPage=1 HTTP/1.1" 200 318 "http://localhost:8080/article/articleList" "Mozilla/5.0 (Linux; Android 6.0; Nexus 5 Build/MRA58N) AppleWebKit/537.36 (KHTML, like Gecko) Chrome/77.0.3865.90 Mobile Safari/537.36"
[2019-09-29T16:06:04.050] [INFO] default - ::1 - - "GET /route/routeList?identity=manager HTTP/1.1" 304 - "http://localhost:8080/article/articleList" "Mozilla/5.0 (Windows NT 10.0; WOW64) AppleWebKit/537.36 (KHTML, like Gecko) Chrome/77.0.3865.90 Safari/537.36"
[2019-09-29T16:06:04.305] [INFO] default - ::1 - - "GET /article/articleList?pagesize=10&currentPage=1 HTTP/1.1" 304 - "http://localhost:8080/article/articleList" "Mozilla/5.0 (Windows NT 10.0; WOW64) AppleWebKit/537.36 (KHTML, like Gecko) Chrome/77.0.3865.90 Safari/537.36"
[2019-09-29T16:09:59.681] [INFO] default - ::1 - - "GET /route/routeList?identity=manager HTTP/1.1" 304 - "http://localhost:8080/article/articleList" "Mozilla/5.0 (Windows NT 10.0; WOW64) AppleWebKit/537.36 (KHTML, like Gecko) Chrome/77.0.3865.90 Safari/537.36"
[2019-09-29T16:09:59.942] [INFO] default - ::1 - - "GET /article/articleList?pagesize=10&currentPage=1 HTTP/1.1" 304 - "http://localhost:8080/article/articleList" "Mozilla/5.0 (Windows NT 10.0; WOW64) AppleWebKit/537.36 (KHTML, like Gecko) Chrome/77.0.3865.90 Safari/537.36"
[2019-09-29T16:12:02.153] [INFO] default - ::1 - - "GET /route/routeList?identity=manager HTTP/1.1" 304 - "http://localhost:8080/article/articleList" "Mozilla/5.0 (Windows NT 10.0; WOW64) AppleWebKit/537.36 (KHTML, like Gecko) Chrome/77.0.3865.90 Safari/537.36"
[2019-09-29T16:12:02.396] [INFO] default - ::1 - - "GET /article/articleList?pagesize=10&currentPage=1 HTTP/1.1" 304 - "http://localhost:8080/article/articleList" "Mozilla/5.0 (Windows NT 10.0; WOW64) AppleWebKit/537.36 (KHTML, like Gecko) Chrome/77.0.3865.90 Safari/537.36"
[2019-09-29T16:12:14.047] [INFO] default - ::1 - - "GET /route/routeList?identity=manager HTTP/1.1" 304 - "http://localhost:8080/article/articleList" "Mozilla/5.0 (Windows NT 10.0; WOW64) AppleWebKit/537.36 (KHTML, like Gecko) Chrome/77.0.3865.90 Safari/537.36"
[2019-09-29T16:12:14.315] [INFO] default - ::1 - - "GET /article/articleList?pagesize=10&currentPage=1 HTTP/1.1" 304 - "http://localhost:8080/article/articleList" "Mozilla/5.0 (Windows NT 10.0; WOW64) AppleWebKit/537.36 (KHTML, like Gecko) Chrome/77.0.3865.90 Safari/537.36"
[2019-09-29T16:12:46.791] [INFO] default - ::1 - - "GET /route/routeList?identity=manager HTTP/1.1" 304 - "http://localhost:8080/article/articleList" "Mozilla/5.0 (Windows NT 10.0; WOW64) AppleWebKit/537.36 (KHTML, like Gecko) Chrome/77.0.3865.90 Safari/537.36"
[2019-09-29T16:12:47.051] [INFO] default - ::1 - - "GET /article/articleList?pagesize=10&currentPage=1 HTTP/1.1" 304 - "http://localhost:8080/article/articleList" "Mozilla/5.0 (Windows NT 10.0; WOW64) AppleWebKit/537.36 (KHTML, like Gecko) Chrome/77.0.3865.90 Safari/537.36"
[2019-09-29T17:28:53.702] [INFO] default - ::1 - - "GET /route/routeList?identity=manager HTTP/1.1" 304 - "http://localhost:8080/article/articleList" "Mozilla/5.0 (Windows NT 10.0; WOW64) AppleWebKit/537.36 (KHTML, like Gecko) Chrome/77.0.3865.90 Safari/537.36"
[2019-09-29T17:28:53.970] [INFO] default - ::1 - - "GET /article/articleList?pagesize=10&currentPage=1 HTTP/1.1" 401 - "http://localhost:8080/article/articleList" "Mozilla/5.0 (Windows NT 10.0; WOW64) AppleWebKit/537.36 (KHTML, like Gecko) Chrome/77.0.3865.90 Safari/537.36"
[2019-09-29T17:28:59.458] [INFO] default - ::1 - - "POST /admin/login HTTP/1.1" 200 231 "http://localhost:8080/signIn" "Mozilla/5.0 (Windows NT 10.0; WOW64) AppleWebKit/537.36 (KHTML, like Gecko) Chrome/77.0.3865.90 Safari/537.36"
[2019-09-29T17:29:00.512] [INFO] default - ::1 - - "GET /route/routeList?identity=manager HTTP/1.1" 304 - "http://localhost:8080/signIn" "Mozilla/5.0 (Windows NT 10.0; WOW64) AppleWebKit/537.36 (KHTML, like Gecko) Chrome/77.0.3865.90 Safari/537.36"
[2019-09-29T17:29:03.939] [INFO] default - ::1 - - "GET /route/routeList?identity=manager HTTP/1.1" 304 - "http://localhost:8080/home" "Mozilla/5.0 (Windows NT 10.0; WOW64) AppleWebKit/537.36 (KHTML, like Gecko) Chrome/77.0.3865.90 Safari/537.36"
[2019-09-29T17:32:27.939] [INFO] default - ::1 - - "POST /article/articleAdd HTTP/1.1" 200 10 "http://localhost:8080/article/addArticle" "Mozilla/5.0 (Windows NT 10.0; WOW64) AppleWebKit/537.36 (KHTML, like Gecko) Chrome/77.0.3865.90 Safari/537.36"
[2019-09-29T17:33:08.732] [INFO] default - ::1 - - "POST /article/articleAdd HTTP/1.1" 200 10 "http://localhost:8080/article/addArticle" "Mozilla/5.0 (Windows NT 10.0; WOW64) AppleWebKit/537.36 (KHTML, like Gecko) Chrome/77.0.3865.90 Safari/537.36"
[2019-09-29T17:38:36.676] [INFO] default - ::1 - - "POST /article/articleAdd HTTP/1.1" 200 10 "http://localhost:8080/article/addArticle" "Mozilla/5.0 (Windows NT 10.0; WOW64) AppleWebKit/537.36 (KHTML, like Gecko) Chrome/77.0.3865.90 Safari/537.36"
[2019-09-29T18:24:09.423] [INFO] default - ::1 - - "POST /article/articleAdd HTTP/1.1" 200 10 "http://localhost:8080/article/addArticle" "Mozilla/5.0 (Windows NT 10.0; WOW64) AppleWebKit/537.36 (KHTML, like Gecko) Chrome/77.0.3865.90 Safari/537.36"
[2019-09-29T18:24:57.336] [INFO] default - ::1 - - "GET /route/routeList?identity=manager HTTP/1.1" 304 - "http://localhost:8080/article/addArticle" "Mozilla/5.0 (Windows NT 10.0; WOW64) AppleWebKit/537.36 (KHTML, like Gecko) Chrome/77.0.3865.90 Safari/537.36"
[2019-09-29T18:24:58.476] [INFO] default - ::1 - - "GET /route/routeList?identity=manager HTTP/1.1" 304 - "http://localhost:8080/article/addArticle" "Mozilla/5.0 (Windows NT 10.0; WOW64) AppleWebKit/537.36 (KHTML, like Gecko) Chrome/77.0.3865.90 Safari/537.36"
[2019-09-29T18:24:58.956] [INFO] default - ::1 - - "GET /article/articleList?pagesize=10&currentPage=1 HTTP/1.1" 200 21 "http://localhost:8080/article/articleList" "Mozilla/5.0 (Windows NT 10.0; WOW64) AppleWebKit/537.36 (KHTML, like Gecko) Chrome/77.0.3865.90 Safari/537.36"
[2019-09-29T18:24:59.944] [INFO] default - ::1 - - "GET /route/routeList?identity=manager HTTP/1.1" 304 - "http://localhost:8080/article/articleList" "Mozilla/5.0 (Windows NT 10.0; WOW64) AppleWebKit/537.36 (KHTML, like Gecko) Chrome/77.0.3865.90 Safari/537.36"
[2019-09-29T18:26:23.140] [INFO] default - ::1 - - "POST /article/articleAdd HTTP/1.1" 200 10 "http://localhost:8080/article/addArticle" "Mozilla/5.0 (Windows NT 10.0; WOW64) AppleWebKit/537.36 (KHTML, like Gecko) Chrome/77.0.3865.90 Safari/537.36"
[2019-09-29T18:29:16.692] [INFO] default - ::1 - - "POST /article/articleAdd HTTP/1.1" 401 - "http://localhost:8080/article/addArticle" "Mozilla/5.0 (Windows NT 10.0; WOW64) AppleWebKit/537.36 (KHTML, like Gecko) Chrome/77.0.3865.90 Safari/537.36"
[2019-09-29T18:29:23.735] [INFO] default - ::1 - - "POST /admin/login HTTP/1.1" 200 231 "http://localhost:8080/signIn" "Mozilla/5.0 (Windows NT 10.0; WOW64) AppleWebKit/537.36 (KHTML, like Gecko) Chrome/77.0.3865.90 Safari/537.36"
[2019-09-29T18:29:24.820] [INFO] default - ::1 - - "GET /route/routeList?identity=manager HTTP/1.1" 304 - "http://localhost:8080/signIn" "Mozilla/5.0 (Windows NT 10.0; WOW64) AppleWebKit/537.36 (KHTML, like Gecko) Chrome/77.0.3865.90 Safari/537.36"
[2019-09-29T18:29:27.331] [INFO] default - ::1 - - "GET /route/routeList?identity=manager HTTP/1.1" 304 - "http://localhost:8080/home" "Mozilla/5.0 (Windows NT 10.0; WOW64) AppleWebKit/537.36 (KHTML, like Gecko) Chrome/77.0.3865.90 Safari/537.36"
[2019-09-29T18:29:27.840] [INFO] default - ::1 - - "GET /article/articleList?pagesize=10&currentPage=1 HTTP/1.1" 200 307 "http://localhost:8080/article/articleList" "Mozilla/5.0 (Windows NT 10.0; WOW64) AppleWebKit/537.36 (KHTML, like Gecko) Chrome/77.0.3865.90 Safari/537.36"
[2019-09-29T18:29:28.112] [INFO] default - ::1 - - "GET /route/routeList?identity=manager HTTP/1.1" 304 - "http://localhost:8080/article/articleList" "Mozilla/5.0 (Windows NT 10.0; WOW64) AppleWebKit/537.36 (KHTML, like Gecko) Chrome/77.0.3865.90 Safari/537.36"
[2019-09-29T18:29:50.612] [INFO] default - ::1 - - "POST /article/articleAdd HTTP/1.1" 200 10 "http://localhost:8080/article/addArticle" "Mozilla/5.0 (Windows NT 10.0; WOW64) AppleWebKit/537.36 (KHTML, like Gecko) Chrome/77.0.3865.90 Safari/537.36"
[2019-09-29T18:30:24.785] [INFO] default - ::1 - - "POST /article/articleAdd HTTP/1.1" 200 10 "http://localhost:8080/article/addArticle" "Mozilla/5.0 (Windows NT 10.0; WOW64) AppleWebKit/537.36 (KHTML, like Gecko) Chrome/77.0.3865.90 Safari/537.36"
[2019-09-29T18:30:49.380] [INFO] default - ::1 - - "POST /article/articleAdd HTTP/1.1" 200 10 "http://localhost:8080/article/addArticle" "Mozilla/5.0 (Windows NT 10.0; WOW64) AppleWebKit/537.36 (KHTML, like Gecko) Chrome/77.0.3865.90 Safari/537.36"
[2019-09-29T18:39:58.144] [INFO] default - ::1 - - "POST /article/articleAdd HTTP/1.1" 200 10 "http://localhost:8080/article/addArticle" "Mozilla/5.0 (Windows NT 10.0; WOW64) AppleWebKit/537.36 (KHTML, like Gecko) Chrome/77.0.3865.90 Safari/537.36"
[2019-09-29T18:40:47.319] [INFO] default - ::1 - - "POST /article/articleAdd HTTP/1.1" 200 10 "http://localhost:8080/article/addArticle" "Mozilla/5.0 (Windows NT 10.0; WOW64) AppleWebKit/537.36 (KHTML, like Gecko) Chrome/77.0.3865.90 Safari/537.36"
[2019-09-29T18:41:43.803] [INFO] default - ::1 - - "POST /article/articleAdd HTTP/1.1" 200 10 "http://localhost:8080/article/addArticle" "Mozilla/5.0 (Windows NT 10.0; WOW64) AppleWebKit/537.36 (KHTML, like Gecko) Chrome/77.0.3865.90 Safari/537.36"
[2019-09-29T18:42:14.900] [INFO] default - ::1 - - "POST /article/articleAdd HTTP/1.1" 200 10 "http://localhost:8080/article/addArticle" "Mozilla/5.0 (Windows NT 10.0; WOW64) AppleWebKit/537.36 (KHTML, like Gecko) Chrome/77.0.3865.90 Safari/537.36"
[2019-09-29T18:43:35.760] [INFO] default - ::1 - - "POST /article/articleAdd HTTP/1.1" 500 865 "http://localhost:8080/article/addArticle" "Mozilla/5.0 (Windows NT 10.0; WOW64) AppleWebKit/537.36 (KHTML, like Gecko) Chrome/77.0.3865.90 Safari/537.36"
[2019-09-29T18:43:56.324] [INFO] default - ::1 - - "POST /article/articleAdd HTTP/1.1" 500 856 "http://localhost:8080/article/addArticle" "Mozilla/5.0 (Windows NT 10.0; WOW64) AppleWebKit/537.36 (KHTML, like Gecko) Chrome/77.0.3865.90 Safari/537.36"
[2019-09-29T18:44:18.889] [INFO] default - ::1 - - "POST /article/articleAdd HTTP/1.1" 200 10 "http://localhost:8080/article/addArticle" "Mozilla/5.0 (Windows NT 10.0; WOW64) AppleWebKit/537.36 (KHTML, like Gecko) Chrome/77.0.3865.90 Safari/537.36"
[2019-09-29T18:44:57.170] [INFO] default - ::1 - - "POST /article/articleAdd HTTP/1.1" 200 10 "http://localhost:8080/article/addArticle" "Mozilla/5.0 (Windows NT 10.0; WOW64) AppleWebKit/537.36 (KHTML, like Gecko) Chrome/77.0.3865.90 Safari/537.36"
[2019-09-29T18:45:51.873] [INFO] default - ::1 - - "POST /article/articleAdd HTTP/1.1" 200 10 "http://localhost:8080/article/addArticle" "Mozilla/5.0 (Windows NT 10.0; WOW64) AppleWebKit/537.36 (KHTML, like Gecko) Chrome/77.0.3865.90 Safari/537.36"
[2019-09-29T18:47:01.865] [INFO] default - ::1 - - "POST /article/articleAdd HTTP/1.1" 200 10 "http://localhost:8080/article/addArticle" "Mozilla/5.0 (Windows NT 10.0; WOW64) AppleWebKit/537.36 (KHTML, like Gecko) Chrome/77.0.3865.90 Safari/537.36"
[2019-09-29T18:47:55.558] [INFO] default - ::1 - - "POST /article/articleAdd HTTP/1.1" 200 10 "http://localhost:8080/article/addArticle" "Mozilla/5.0 (Windows NT 10.0; WOW64) AppleWebKit/537.36 (KHTML, like Gecko) Chrome/77.0.3865.90 Safari/537.36"
[2019-09-29T18:48:57.144] [INFO] default - ::1 - - "POST /article/articleAdd HTTP/1.1" 500 856 "http://localhost:8080/article/addArticle" "Mozilla/5.0 (Windows NT 10.0; WOW64) AppleWebKit/537.36 (KHTML, like Gecko) Chrome/77.0.3865.90 Safari/537.36"
[2019-09-29T18:49:13.821] [INFO] default - ::1 - - "POST /article/articleAdd HTTP/1.1" 200 10 "http://localhost:8080/article/addArticle" "Mozilla/5.0 (Windows NT 10.0; WOW64) AppleWebKit/537.36 (KHTML, like Gecko) Chrome/77.0.3865.90 Safari/537.36"
[2019-09-29T18:50:06.752] [INFO] default - ::1 - - "POST /article/articleAdd HTTP/1.1" 200 10 "http://localhost:8080/article/addArticle" "Mozilla/5.0 (Windows NT 10.0; WOW64) AppleWebKit/537.36 (KHTML, like Gecko) Chrome/77.0.3865.90 Safari/537.36"
[2019-09-29T18:51:08.632] [INFO] default - ::1 - - "POST /article/articleAdd HTTP/1.1" 200 10 "http://localhost:8080/article/addArticle" "Mozilla/5.0 (Windows NT 10.0; WOW64) AppleWebKit/537.36 (KHTML, like Gecko) Chrome/77.0.3865.90 Safari/537.36"
[2019-09-29T18:52:22.356] [INFO] default - ::1 - - "POST /article/articleAdd HTTP/1.1" 200 10 "http://localhost:8080/article/addArticle" "Mozilla/5.0 (Windows NT 10.0; WOW64) AppleWebKit/537.36 (KHTML, like Gecko) Chrome/77.0.3865.90 Safari/537.36"
[2019-09-29T19:01:35.697] [INFO] default - ::1 - - "POST /article/articleAdd HTTP/1.1" 200 10 "http://localhost:8080/article/addArticle" "Mozilla/5.0 (Windows NT 10.0; WOW64) AppleWebKit/537.36 (KHTML, like Gecko) Chrome/77.0.3865.90 Safari/537.36"
[2019-09-29T19:02:07.970] [INFO] default - ::1 - - "POST /article/articleAdd HTTP/1.1" 200 10 "http://localhost:8080/article/addArticle" "Mozilla/5.0 (Windows NT 10.0; WOW64) AppleWebKit/537.36 (KHTML, like Gecko) Chrome/77.0.3865.90 Safari/537.36"
[2019-09-29T19:02:52.666] [INFO] default - ::1 - - "POST /article/articleAdd HTTP/1.1" 200 10 "http://localhost:8080/article/addArticle" "Mozilla/5.0 (Windows NT 10.0; WOW64) AppleWebKit/537.36 (KHTML, like Gecko) Chrome/77.0.3865.90 Safari/537.36"
[2019-09-29T19:04:30.724] [INFO] default - ::1 - - "POST /article/articleAdd HTTP/1.1" 200 10 "http://localhost:8080/article/addArticle" "Mozilla/5.0 (Windows NT 10.0; WOW64) AppleWebKit/537.36 (KHTML, like Gecko) Chrome/77.0.3865.90 Safari/537.36"
[2019-09-29T19:08:25.088] [INFO] default - ::1 - - "POST /article/articleAdd HTTP/1.1" 200 10 "http://localhost:8080/article/addArticle" "Mozilla/5.0 (Windows NT 10.0; WOW64) AppleWebKit/537.36 (KHTML, like Gecko) Chrome/77.0.3865.90 Safari/537.36"
[2019-09-29T19:18:20.588] [INFO] default - ::1 - - "POST /article/articleAdd HTTP/1.1" 200 10 "http://localhost:8080/article/addArticle" "Mozilla/5.0 (Windows NT 10.0; WOW64) AppleWebKit/537.36 (KHTML, like Gecko) Chrome/77.0.3865.90 Safari/537.36"
[2019-09-29T19:38:36.051] [INFO] default - ::1 - - "POST /article/articleAdd HTTP/1.1" 401 - "http://localhost:8080/article/addArticle" "Mozilla/5.0 (Windows NT 10.0; WOW64) AppleWebKit/537.36 (KHTML, like Gecko) Chrome/77.0.3865.90 Safari/537.36"
[2019-09-29T19:38:42.500] [INFO] default - ::1 - - "POST /admin/login HTTP/1.1" 200 231 "http://localhost:8080/signIn" "Mozilla/5.0 (Windows NT 10.0; WOW64) AppleWebKit/537.36 (KHTML, like Gecko) Chrome/77.0.3865.90 Safari/537.36"
[2019-09-29T19:38:43.580] [INFO] default - ::1 - - "GET /route/routeList?identity=manager HTTP/1.1" 304 - "http://localhost:8080/signIn" "Mozilla/5.0 (Windows NT 10.0; WOW64) AppleWebKit/537.36 (KHTML, like Gecko) Chrome/77.0.3865.90 Safari/537.36"
[2019-09-29T19:38:46.706] [INFO] default - ::1 - - "GET /route/routeList?identity=manager HTTP/1.1" 304 - "http://localhost:8080/home" "Mozilla/5.0 (Windows NT 10.0; WOW64) AppleWebKit/537.36 (KHTML, like Gecko) Chrome/77.0.3865.90 Safari/537.36"
[2019-09-29T19:38:47.215] [INFO] default - ::1 - - "GET /article/articleList?pagesize=10&currentPage=1 HTTP/1.1" 200 881 "http://localhost:8080/article/articleList" "Mozilla/5.0 (Windows NT 10.0; WOW64) AppleWebKit/537.36 (KHTML, like Gecko) Chrome/77.0.3865.90 Safari/537.36"
[2019-09-29T19:38:48.325] [INFO] default - ::1 - - "GET /route/routeList?identity=manager HTTP/1.1" 304 - "http://localhost:8080/article/articleList" "Mozilla/5.0 (Windows NT 10.0; WOW64) AppleWebKit/537.36 (KHTML, like Gecko) Chrome/77.0.3865.90 Safari/537.36"
[2019-09-29T19:39:17.449] [INFO] default - ::1 - - "POST /article/articleAdd HTTP/1.1" 200 10 "http://localhost:8080/article/addArticle" "Mozilla/5.0 (Windows NT 10.0; WOW64) AppleWebKit/537.36 (KHTML, like Gecko) Chrome/77.0.3865.90 Safari/537.36"
[2019-09-29T19:41:58.942] [INFO] default - ::1 - - "POST /article/articleAdd HTTP/1.1" 500 864 "http://localhost:8080/article/addArticle" "Mozilla/5.0 (Windows NT 10.0; WOW64) AppleWebKit/537.36 (KHTML, like Gecko) Chrome/77.0.3865.90 Safari/537.36"
[2019-09-29T19:43:06.346] [INFO] default - ::1 - - "POST /article/articleAdd HTTP/1.1" 200 10 "http://localhost:8080/article/addArticle" "Mozilla/5.0 (Windows NT 10.0; WOW64) AppleWebKit/537.36 (KHTML, like Gecko) Chrome/77.0.3865.90 Safari/537.36"
[2019-09-29T19:44:25.898] [INFO] default - ::1 - - "POST /article/articleAdd HTTP/1.1" 500 974 "http://localhost:8080/article/addArticle" "Mozilla/5.0 (Windows NT 10.0; WOW64) AppleWebKit/537.36 (KHTML, like Gecko) Chrome/77.0.3865.90 Safari/537.36"
[2019-09-29T19:45:39.100] [INFO] default - ::1 - - "POST /article/articleAdd HTTP/1.1" 200 10 "http://localhost:8080/article/addArticle" "Mozilla/5.0 (Windows NT 10.0; WOW64) AppleWebKit/537.36 (KHTML, like Gecko) Chrome/77.0.3865.90 Safari/537.36"
[2019-09-29T19:47:18.695] [INFO] default - ::1 - - "POST /article/articleAdd HTTP/1.1" 200 10 "http://localhost:8080/article/addArticle" "Mozilla/5.0 (Windows NT 10.0; WOW64) AppleWebKit/537.36 (KHTML, like Gecko) Chrome/77.0.3865.90 Safari/537.36"
[2019-09-29T19:47:42.256] [INFO] default - ::1 - - "GET /route/routeList?identity=manager HTTP/1.1" 304 - "http://localhost:8080/article/addArticle" "Mozilla/5.0 (Windows NT 10.0; WOW64) AppleWebKit/537.36 (KHTML, like Gecko) Chrome/77.0.3865.90 Safari/537.36"
[2019-09-29T19:47:42.773] [INFO] default - ::1 - - "GET /article/articleList?pagesize=10&currentPage=1 HTTP/1.1" 200 375 "http://localhost:8080/article/articleList" "Mozilla/5.0 (Windows NT 10.0; WOW64) AppleWebKit/537.36 (KHTML, like Gecko) Chrome/77.0.3865.90 Safari/537.36"
[2019-09-29T19:49:18.879] [INFO] default - ::1 - - "GET /article/articleList?pagesize=10&currentPage=1 HTTP/1.1" 304 - "http://localhost:8080/article/articleList" "Mozilla/5.0 (Windows NT 10.0; WOW64) AppleWebKit/537.36 (KHTML, like Gecko) Chrome/77.0.3865.90 Safari/537.36"
[2019-09-29T19:49:45.062] [INFO] default - ::1 - - "GET /article/articleList?pagesize=10&currentPage=1 HTTP/1.1" 304 - "http://localhost:8080/article/articleList" "Mozilla/5.0 (Windows NT 10.0; WOW64) AppleWebKit/537.36 (KHTML, like Gecko) Chrome/77.0.3865.90 Safari/537.36"
[2019-09-29T19:50:37.627] [INFO] default - ::1 - - "GET /route/routeList?identity=manager HTTP/1.1" 304 - "http://localhost:8080/article/articleList" "Mozilla/5.0 (Windows NT 10.0; WOW64) AppleWebKit/537.36 (KHTML, like Gecko) Chrome/77.0.3865.90 Safari/537.36"
[2019-09-29T19:50:37.875] [INFO] default - ::1 - - "GET /article/articleList?pagesize=10&currentPage=1 HTTP/1.1" 304 - "http://localhost:8080/article/articleList" "Mozilla/5.0 (Windows NT 10.0; WOW64) AppleWebKit/537.36 (KHTML, like Gecko) Chrome/77.0.3865.90 Safari/537.36"
[2019-09-29T19:51:12.677] [INFO] default - ::1 - - "GET /route/routeList?identity=manager HTTP/1.1" 304 - "http://localhost:8080/article/articleList" "Mozilla/5.0 (Windows NT 10.0; WOW64) AppleWebKit/537.36 (KHTML, like Gecko) Chrome/77.0.3865.90 Safari/537.36"
[2019-09-29T19:51:12.947] [INFO] default - ::1 - - "GET /article/articleList?pagesize=10&currentPage=1 HTTP/1.1" 304 - "http://localhost:8080/article/articleList" "Mozilla/5.0 (Windows NT 10.0; WOW64) AppleWebKit/537.36 (KHTML, like Gecko) Chrome/77.0.3865.90 Safari/537.36"
[2019-09-29T19:51:25.259] [INFO] default - ::1 - - "GET /route/routeList?identity=manager HTTP/1.1" 304 - "http://localhost:8080/article/articleList" "Mozilla/5.0 (Windows NT 10.0; WOW64) AppleWebKit/537.36 (KHTML, like Gecko) Chrome/77.0.3865.90 Safari/537.36"
[2019-09-29T19:51:25.515] [INFO] default - ::1 - - "GET /article/articleList?pagesize=10&currentPage=1 HTTP/1.1" 304 - "http://localhost:8080/article/articleList" "Mozilla/5.0 (Windows NT 10.0; WOW64) AppleWebKit/537.36 (KHTML, like Gecko) Chrome/77.0.3865.90 Safari/537.36"
[2019-09-29T19:51:48.079] [INFO] default - ::1 - - "GET /article/articleList?pagesize=10&currentPage=1 HTTP/1.1" 304 - "http://localhost:8080/article/articleList" "Mozilla/5.0 (Windows NT 10.0; WOW64) AppleWebKit/537.36 (KHTML, like Gecko) Chrome/77.0.3865.90 Safari/537.36"
[2019-09-29T19:52:21.926] [INFO] default - ::1 - - "GET /route/routeList?identity=manager HTTP/1.1" 304 - "http://localhost:8080/article/articleList" "Mozilla/5.0 (Windows NT 10.0; WOW64) AppleWebKit/537.36 (KHTML, like Gecko) Chrome/77.0.3865.90 Safari/537.36"
[2019-09-29T19:52:40.957] [INFO] default - ::1 - - "POST /article/articleAdd HTTP/1.1" 200 10 "http://localhost:8080/article/addArticle" "Mozilla/5.0 (Windows NT 10.0; WOW64) AppleWebKit/537.36 (KHTML, like Gecko) Chrome/77.0.3865.90 Safari/537.36"
[2019-09-29T19:52:44.257] [INFO] default - ::1 - - "GET /route/routeList?identity=manager HTTP/1.1" 304 - "http://localhost:8080/article/addArticle" "Mozilla/5.0 (Windows NT 10.0; WOW64) AppleWebKit/537.36 (KHTML, like Gecko) Chrome/77.0.3865.90 Safari/537.36"
[2019-09-29T19:52:44.719] [INFO] default - ::1 - - "GET /article/articleList?pagesize=10&currentPage=1 HTTP/1.1" 200 737 "http://localhost:8080/article/articleList" "Mozilla/5.0 (Windows NT 10.0; WOW64) AppleWebKit/537.36 (KHTML, like Gecko) Chrome/77.0.3865.90 Safari/537.36"
[2019-09-29T19:53:10.125] [INFO] default - ::1 - - "GET /article/articleList?pagesize=10&currentPage=1 HTTP/1.1" 304 - "http://localhost:8080/article/articleList" "Mozilla/5.0 (Windows NT 10.0; WOW64) AppleWebKit/537.36 (KHTML, like Gecko) Chrome/77.0.3865.90 Safari/537.36"
[2019-09-29T20:00:22.342] [INFO] default - ::1 - - "GET /route/routeList?identity=manager HTTP/1.1" 304 - "http://localhost:8080/article/articleList" "Mozilla/5.0 (Windows NT 10.0; WOW64) AppleWebKit/537.36 (KHTML, like Gecko) Chrome/77.0.3865.90 Safari/537.36"
[2019-09-29T20:00:22.626] [INFO] default - ::1 - - "GET /article/articleList?pagesize=10&currentPage=1 HTTP/1.1" 304 - "http://localhost:8080/article/articleList" "Mozilla/5.0 (Windows NT 10.0; WOW64) AppleWebKit/537.36 (KHTML, like Gecko) Chrome/77.0.3865.90 Safari/537.36"
[2019-09-29T20:00:31.433] [INFO] default - ::1 - - "GET /article/articleList?pagesize=10&currentPage=1 HTTP/1.1" 304 - "http://localhost:8080/article/articleList" "Mozilla/5.0 (Windows NT 10.0; WOW64) AppleWebKit/537.36 (KHTML, like Gecko) Chrome/77.0.3865.90 Safari/537.36"
[2019-09-29T20:00:52.931] [INFO] default - ::1 - - "GET /route/routeList?identity=manager HTTP/1.1" 304 - "http://localhost:8080/article/articleList" "Mozilla/5.0 (Windows NT 10.0; WOW64) AppleWebKit/537.36 (KHTML, like Gecko) Chrome/77.0.3865.90 Safari/537.36"
[2019-09-29T20:00:53.329] [INFO] default - ::1 - - "GET /log/logList HTTP/1.1" 304 - "http://localhost:8080/log" "Mozilla/5.0 (Windows NT 10.0; WOW64) AppleWebKit/537.36 (KHTML, like Gecko) Chrome/77.0.3865.90 Safari/537.36"
[2019-09-29T20:01:34.918] [INFO] default - ::1 - - "GET /route/routeList?identity=manager HTTP/1.1" 304 - "http://localhost:8080/log" "Mozilla/5.0 (Windows NT 10.0; WOW64) AppleWebKit/537.36 (KHTML, like Gecko) Chrome/77.0.3865.90 Safari/537.36"
[2019-09-29T20:01:35.060] [INFO] default - ::1 - - "GET /log/logList HTTP/1.1" 200 352 "http://localhost:8080/log" "Mozilla/5.0 (Windows NT 10.0; WOW64) AppleWebKit/537.36 (KHTML, like Gecko) Chrome/77.0.3865.90 Safari/537.36"
